{"logTime": "1012/123044", "correlationVector":"pw9+Bx7PsIoKmHCeaPpemA.121","action":"GetUpdates", "result":"DeleteReceived", "context":{"id":"9aa2c2d1-0af7-4849-9e94-d8ea91d4253e", "isDeleted:":"true", "version":"1683976293907"}}
{"logTime": "1012/123044", "correlationVector":"pw9+Bx7PsIoKmHCeaPpemA.122","action":"GetUpdates", "result":"DeleteReceived", "context":{"id":"b72b538a-c915-4510-a685-4fee356580f5", "isDeleted:":"true", "version":"1683976293909"}}
{"logTime": "1012/123044", "correlationVector":"pw9+Bx7PsIoKmHCeaPpemA.123","action":"GetUpdates", "result":"DeleteReceived", "context":{"id":"882954c8-e0bc-4541-8896-a033ec3274a0", "isDeleted:":"true", "version":"1683976293910"}}
{"logTime": "1012/123044", "correlationVector":"pw9+Bx7PsIoKmHCeaPpemA.124","action":"GetUpdates", "result":"DeleteReceived", "context":{"id":"81fb5112-6dcb-41b5-a666-f0ecea2015dc", "isDeleted:":"true", "version":"1683976293911"}}
{"logTime": "1012/123044", "correlationVector":"pw9+Bx7PsIoKmHCeaPpemA.125","action":"GetUpdates", "result":"DeleteReceived", "context":{"id":"4b460aea-dc03-4174-81a4-13ba29de7439", "isDeleted:":"true", "version":"1683976293913"}}
{"logTime": "1012/123044", "correlationVector":"pw9+Bx7PsIoKmHCeaPpemA.126","action":"GetUpdates", "result":"DeleteReceived", "context":{"id":"c45444bd-1185-4689-9402-93f4d2b5358c", "isDeleted:":"true", "version":"1683976293914"}}
{"logTime": "1012/123044", "correlationVector":"pw9+Bx7PsIoKmHCeaPpemA.127","action":"GetUpdates", "result":"DeleteReceived", "context":{"id":"2a4d1831-ffe2-42a7-880a-1e24c640952e", "isDeleted:":"true", "version":"1683976293918"}}
{"logTime": "1012/123044", "correlationVector":"pw9+Bx7PsIoKmHCeaPpemA.128","action":"GetUpdates", "result":"DeleteReceived", "context":{"id":"aa5b639a-26e3-4ed7-8d8c-eddce3563aca", "isDeleted:":"true", "version":"1683976294858"}}
{"logTime": "1012/123044", "correlationVector":"pw9+Bx7PsIoKmHCeaPpemA.129","action":"GetUpdates", "result":"DeleteReceived", "context":{"id":"eb824207-5fac-47fe-9382-cfab1363c135", "isDeleted:":"true", "version":"1683976294864"}}
{"logTime": "1012/123044", "correlationVector":"pw9+Bx7PsIoKmHCeaPpemA.130","action":"GetUpdates", "result":"DeleteReceived", "context":{"id":"f53e8895-3b7f-4b44-8a7f-61b9808015a1", "isDeleted:":"true", "version":"1683976294867"}}
{"logTime": "1012/123044", "correlationVector":"pw9+Bx7PsIoKmHCeaPpemA.131","action":"GetUpdates", "result":"DeleteReceived", "context":{"id":"096b77f5-fa50-4e91-b3cb-be906075b4c2", "isDeleted:":"true", "version":"1683976294870"}}
{"logTime": "1012/123044", "correlationVector":"pw9+Bx7PsIoKmHCeaPpemA.132","action":"GetUpdates", "result":"DeleteReceived", "context":{"id":"ed79a357-7624-4cc9-901a-420fb25962bd", "isDeleted:":"true", "version":"1683976294871"}}
{"logTime": "1012/123044", "correlationVector":"pw9+Bx7PsIoKmHCeaPpemA.133","action":"GetUpdates", "result":"DeleteReceived", "context":{"id":"fc2e8bfd-eb81-4fd3-b06d-7fa4bb49a425", "isDeleted:":"true", "version":"1683976294873"}}
{"logTime": "1012/123044", "correlationVector":"pw9+Bx7PsIoKmHCeaPpemA.134","action":"GetUpdates", "result":"DeleteReceived", "context":{"id":"da555f14-878a-40f3-95fc-14e1f39a55eb", "isDeleted:":"true", "version":"1683976294876"}}
{"logTime": "1012/123044", "correlationVector":"pw9+Bx7PsIoKmHCeaPpemA.135","action":"GetUpdates", "result":"DeleteReceived", "context":{"id":"f0d4a0d4-114f-4558-9dae-91b4d317ebc5", "isDeleted:":"true", "version":"1683976295777"}}
{"logTime": "1012/123044", "correlationVector":"pw9+Bx7PsIoKmHCeaPpemA.136","action":"GetUpdates", "result":"DeleteReceived", "context":{"id":"faba4ce8-b66b-4ce3-85ba-a7509e17555f", "isDeleted:":"true", "version":"1683976295779"}}
{"logTime": "1012/123044", "correlationVector":"pw9+Bx7PsIoKmHCeaPpemA.137","action":"GetUpdates", "result":"DeleteReceived", "context":{"id":"5b16c80d-7741-4522-a104-5816421ad508", "isDeleted:":"true", "version":"1683976295781"}}
{"logTime": "1012/123044", "correlationVector":"pw9+Bx7PsIoKmHCeaPpemA.138","action":"GetUpdates", "result":"DeleteReceived", "context":{"id":"2edc3cdd-f46e-4a30-a0ca-5f23d2a54fed", "isDeleted:":"true", "version":"1683976295783"}}
{"logTime": "1012/123044", "correlationVector":"pw9+Bx7PsIoKmHCeaPpemA.139","action":"GetUpdates", "result":"DeleteReceived", "context":{"id":"8f70535b-3859-4c8c-8ba4-3b1250433833", "isDeleted:":"true", "version":"1683976295786"}}
{"logTime": "1012/123044", "correlationVector":"pw9+Bx7PsIoKmHCeaPpemA.140","action":"GetUpdates", "result":"DeleteReceived", "context":{"id":"27cf9462-a358-4e95-85fd-d854dc18a791", "isDeleted:":"true", "version":"1683976295787"}}
{"logTime": "1012/123044", "correlationVector":"pw9+Bx7PsIoKmHCeaPpemA.141","action":"GetUpdates", "result":"DeleteReceived", "context":{"id":"16c9d800-e1cc-474f-8edf-81658f13d3bf", "isDeleted:":"true", "version":"1683976295789"}}
{"logTime": "1012/123044", "correlationVector":"pw9+Bx7PsIoKmHCeaPpemA.142","action":"GetUpdates", "result":"DeleteReceived", "context":{"id":"504a3d02-8768-4993-b8a3-fde306f3ec23", "isDeleted:":"true", "version":"1683976295791"}}
{"logTime": "1012/123044", "correlationVector":"pw9+Bx7PsIoKmHCeaPpemA.143","action":"GetUpdates", "result":"DeleteReceived", "context":{"id":"a75b7711-af31-4abf-9eda-04a40c34111e", "isDeleted:":"true", "version":"1683976295792"}}
{"logTime": "1012/123044", "correlationVector":"pw9+Bx7PsIoKmHCeaPpemA.144","action":"GetUpdates", "result":"DeleteReceived", "context":{"id":"56646a25-04a9-409d-9023-b034e3422a87", "isDeleted:":"true", "version":"1683976296754"}}
{"logTime": "1012/123044", "correlationVector":"pw9+Bx7PsIoKmHCeaPpemA.145","action":"GetUpdates", "result":"DeleteReceived", "context":{"id":"f05d3a10-421f-425c-8ee0-35f45c3f07cc", "isDeleted:":"true", "version":"1683976296759"}}
{"logTime": "1012/123044", "correlationVector":"pw9+Bx7PsIoKmHCeaPpemA.146","action":"GetUpdates", "result":"DeleteReceived", "context":{"id":"33b778ed-de80-42f3-ab44-494bec8f8dde", "isDeleted:":"true", "version":"1683976296761"}}
{"logTime": "1012/123044", "correlationVector":"pw9+Bx7PsIoKmHCeaPpemA.147","action":"GetUpdates", "result":"DeleteReceived", "context":{"id":"498adc3a-1c60-4451-a98e-5d2be6b27e5a", "isDeleted:":"true", "version":"1683976296766"}}
{"logTime": "1012/123044", "correlationVector":"pw9+Bx7PsIoKmHCeaPpemA.148","action":"GetUpdates", "result":"DeleteReceived", "context":{"id":"b1dfe569-11c1-44a4-9572-17e99cd83668", "isDeleted:":"true", "version":"1683976296767"}}
{"logTime": "1012/123044", "correlationVector":"pw9+Bx7PsIoKmHCeaPpemA.149","action":"GetUpdates", "result":"DeleteReceived", "context":{"id":"12c63ed5-5aa0-46c1-804f-563e661cf61b", "isDeleted:":"true", "version":"1683976296771"}}
{"logTime": "1012/123044", "correlationVector":"pw9+Bx7PsIoKmHCeaPpemA.150","action":"GetUpdates", "result":"DeleteReceived", "context":{"id":"b4f50aaf-ca42-43de-89a4-38f750ec6410", "isDeleted:":"true", "version":"1683976297663"}}
{"logTime": "1012/123044", "correlationVector":"pw9+Bx7PsIoKmHCeaPpemA.151","action":"GetUpdates", "result":"DeleteReceived", "context":{"id":"9015c8fc-c8a4-44d2-a371-d7763beedb91", "isDeleted:":"true", "version":"1683976297664"}}
{"logTime": "1012/123044", "correlationVector":"pw9+Bx7PsIoKmHCeaPpemA.152","action":"GetUpdates", "result":"DeleteReceived", "context":{"id":"e2fb63f8-3eb4-49e4-aeaf-9bd108a69406", "isDeleted:":"true", "version":"1683976297665"}}
{"logTime": "1012/123044", "correlationVector":"pw9+Bx7PsIoKmHCeaPpemA.153","action":"GetUpdates", "result":"DeleteReceived", "context":{"id":"7b0b0b37-ecc7-413f-9385-ce0e90cdb025", "isDeleted:":"true", "version":"1683976297666"}}
{"logTime": "1012/123044", "correlationVector":"pw9+Bx7PsIoKmHCeaPpemA.154","action":"GetUpdates", "result":"DeleteReceived", "context":{"id":"27409ad7-3408-4aec-88c4-778bcd0c1832", "isDeleted:":"true", "version":"1683976297671"}}
{"logTime": "1012/123044", "correlationVector":"pw9+Bx7PsIoKmHCeaPpemA.155","action":"GetUpdates", "result":"DeleteReceived", "context":{"id":"a1c83963-5ddc-4091-a4ba-d4418c3404da", "isDeleted:":"true", "version":"1683976297674"}}
{"logTime": "1012/123044", "correlationVector":"pw9+Bx7PsIoKmHCeaPpemA.156","action":"GetUpdates", "result":"DeleteReceived", "context":{"id":"e963df6b-1f59-42bd-a0cb-d484cda7b2c4", "isDeleted:":"true", "version":"1683976297676"}}
{"logTime": "1012/123044", "correlationVector":"pw9+Bx7PsIoKmHCeaPpemA.157","action":"GetUpdates", "result":"DeleteReceived", "context":{"id":"4e654193-596e-43c2-8bb4-d0c56e12a0c2", "isDeleted:":"true", "version":"1683976297678"}}
{"logTime": "1012/123044", "correlationVector":"pw9+Bx7PsIoKmHCeaPpemA.158","action":"GetUpdates", "result":"DeleteReceived", "context":{"id":"f657e87a-5589-4bbd-83d0-66b19ad08858", "isDeleted:":"true", "version":"1683976297679"}}
{"logTime": "1012/123044", "correlationVector":"pw9+Bx7PsIoKmHCeaPpemA.159","action":"GetUpdates", "result":"DeleteReceived", "context":{"id":"9738f553-20ed-404b-a47e-a31d64f9c1e9", "isDeleted:":"true", "version":"1683976297680"}}
{"logTime": "1012/123044", "correlationVector":"pw9+Bx7PsIoKmHCeaPpemA.160","action":"GetUpdates", "result":"DeleteReceived", "context":{"id":"f8e7ab79-809d-431e-a939-90d8f493b287", "isDeleted:":"true", "version":"1683976298587"}}
{"logTime": "1012/123044", "correlationVector":"pw9+Bx7PsIoKmHCeaPpemA.161","action":"GetUpdates", "result":"DeleteReceived", "context":{"id":"a36fcf2b-895d-491b-8d55-812b842f49f8", "isDeleted:":"true", "version":"1683976298588"}}
{"logTime": "1012/123044", "correlationVector":"pw9+Bx7PsIoKmHCeaPpemA.162","action":"GetUpdates", "result":"DeleteReceived", "context":{"id":"8ec36115-1d42-4c1d-a533-3a900a22751f", "isDeleted:":"true", "version":"1683976298591"}}
{"logTime": "1012/123044", "correlationVector":"pw9+Bx7PsIoKmHCeaPpemA.163","action":"GetUpdates", "result":"DeleteReceived", "context":{"id":"2c177964-2933-446e-8b53-6f47d7f62f4e", "isDeleted:":"true", "version":"1683976298593"}}
{"logTime": "1012/123044", "correlationVector":"pw9+Bx7PsIoKmHCeaPpemA.164","action":"GetUpdates", "result":"DeleteReceived", "context":{"id":"4993b2ca-bc63-4820-8b9b-b2f0baecee51", "isDeleted:":"true", "version":"1683976298596"}}
{"logTime": "1012/123044", "correlationVector":"pw9+Bx7PsIoKmHCeaPpemA.165","action":"GetUpdates", "result":"DeleteReceived", "context":{"id":"7cbad652-ead8-496c-b120-11890d014532", "isDeleted:":"true", "version":"1683976298597"}}
{"logTime": "1012/123044", "correlationVector":"pw9+Bx7PsIoKmHCeaPpemA.166","action":"GetUpdates", "result":"DeleteReceived", "context":{"id":"2a976c88-96c3-46ad-b181-147fd142cd49", "isDeleted:":"true", "version":"1683976298599"}}
{"logTime": "1012/123044", "correlationVector":"pw9+Bx7PsIoKmHCeaPpemA.167","action":"GetUpdates", "result":"DeleteReceived", "context":{"id":"db72216e-e15c-4b5a-a54e-2c2c0c12d120", "isDeleted:":"true", "version":"1683976298600"}}
{"logTime": "1012/123044", "correlationVector":"pw9+Bx7PsIoKmHCeaPpemA.168","action":"GetUpdates", "result":"DeleteReceived", "context":{"id":"59e4e486-b255-4754-bfa5-47f233a572a8", "isDeleted:":"true", "version":"1683976298603"}}
{"logTime": "1012/123044", "correlationVector":"pw9+Bx7PsIoKmHCeaPpemA.169","action":"GetUpdates", "result":"DeleteReceived", "context":{"id":"7b077708-b77d-4ff7-866e-609756e44bf0", "isDeleted:":"true", "version":"1683976298604"}}
{"logTime": "1012/123044", "correlationVector":"pw9+Bx7PsIoKmHCeaPpemA.170","action":"GetUpdates", "result":"DeleteReceived", "context":{"id":"959c6926-b552-412d-94ba-c8de6aed0b15", "isDeleted:":"true", "version":"1683976299528"}}
{"logTime": "1012/123044", "correlationVector":"pw9+Bx7PsIoKmHCeaPpemA.171","action":"GetUpdates", "result":"DeleteReceived", "context":{"id":"635ff0ac-cd8f-4a32-a59e-397910c05e00", "isDeleted:":"true", "version":"1683976299529"}}
{"logTime": "1012/123044", "correlationVector":"pw9+Bx7PsIoKmHCeaPpemA.172","action":"GetUpdates", "result":"DeleteReceived", "context":{"id":"5f7450b8-4b14-4eb9-b770-87cee7e6f0ac", "isDeleted:":"true", "version":"1683976299532"}}
{"logTime": "1012/123044", "correlationVector":"pw9+Bx7PsIoKmHCeaPpemA.173","action":"GetUpdates", "result":"DeleteReceived", "context":{"id":"54de6856-74b2-4230-b0b1-3dca32018517", "isDeleted:":"true", "version":"1683976299533"}}
{"logTime": "1012/123044", "correlationVector":"pw9+Bx7PsIoKmHCeaPpemA.174","action":"GetUpdates", "result":"DeleteReceived", "context":{"id":"36896cb3-9b5c-4f1c-b492-84f98400bb07", "isDeleted:":"true", "version":"1683976299538"}}
{"logTime": "1012/123044", "correlationVector":"pw9+Bx7PsIoKmHCeaPpemA.175","action":"GetUpdates", "result":"DeleteReceived", "context":{"id":"7152bcf8-7db6-444a-8e7a-3ce7a706a471", "isDeleted:":"true", "version":"1683976299543"}}
{"logTime": "1012/123044", "correlationVector":"pw9+Bx7PsIoKmHCeaPpemA.176","action":"GetUpdates", "result":"DeleteReceived", "context":{"id":"8f8c1404-1def-449a-8441-baf0d645600a", "isDeleted:":"true", "version":"1683976300471"}}
{"logTime": "1012/123044", "correlationVector":"pw9+Bx7PsIoKmHCeaPpemA.177","action":"GetUpdates", "result":"DeleteReceived", "context":{"id":"ef373b8a-9367-4316-bbc4-db14a52530b0", "isDeleted:":"true", "version":"1683976300472"}}
{"logTime": "1012/123044", "correlationVector":"pw9+Bx7PsIoKmHCeaPpemA.178","action":"GetUpdates", "result":"DeleteReceived", "context":{"id":"b8a9f5f3-b44b-4db0-a48c-7bde0e960228", "isDeleted:":"true", "version":"1683976300474"}}
{"logTime": "1012/123044", "correlationVector":"pw9+Bx7PsIoKmHCeaPpemA.179","action":"GetUpdates", "result":"DeleteReceived", "context":{"id":"80d3d6c1-3270-40af-beed-82223b6f9f40", "isDeleted:":"true", "version":"1683976300479"}}
{"logTime": "1012/123044", "correlationVector":"pw9+Bx7PsIoKmHCeaPpemA.180","action":"GetUpdates", "result":"DeleteReceived", "context":{"id":"c69f7c5d-a265-42f0-820d-d3de5b4c58df", "isDeleted:":"true", "version":"1683976300480"}}
{"logTime": "1012/123044", "correlationVector":"pw9+Bx7PsIoKmHCeaPpemA.181","action":"GetUpdates", "result":"DeleteReceived", "context":{"id":"35d43a01-fa31-4292-8cea-89a82b3ef5b9", "isDeleted:":"true", "version":"1683976300481"}}
{"logTime": "1012/123044", "correlationVector":"pw9+Bx7PsIoKmHCeaPpemA.182","action":"GetUpdates", "result":"DeleteReceived", "context":{"id":"c496925a-3a46-40e4-9c35-5ed1b77d7f30", "isDeleted:":"true", "version":"1683976300482"}}
{"logTime": "1012/123044", "correlationVector":"pw9+Bx7PsIoKmHCeaPpemA.183","action":"GetUpdates", "result":"DeleteReceived", "context":{"id":"7f58540d-c8b6-4333-a324-6cceb232c71c", "isDeleted:":"true", "version":"1683976300484"}}
{"logTime": "1012/123044", "correlationVector":"pw9+Bx7PsIoKmHCeaPpemA.184","action":"GetUpdates Response", "result":"SERVER_MORE_TO_DOWNLOAD", "context":Received 250 update(s).  Some updates remain.}
{"logTime": "1012/123044", "correlationVector":"DbTJ38zXsw1iMKBh3lO2vI","action":"Initial GetUpdates", "result":"", "context":Reason: NEWLY_SUPPORTED_DATATYPE. cV=DbTJ38zXsw1iMKBh3lO2vI}
{"logTime": "1012/123050", "correlationVector":"DbTJ38zXsw1iMKBh3lO2vI.1","action":"SyncServerConnectionManagerRequest", "result":"SYNC_SERVER_OK", "context":{"environment":"Prod_SoutheastAsia_000j", "migrationStage":"NotStarted", "server":"GENERAL01000002"}}
{"logTime": "1012/123050", "correlationVector":"DbTJ38zXsw1iMKBh3lO2vI.2","action":"GetUpdates", "result":"DeleteReceived", "context":{"id":"5eefd645-029e-47ac-8e53-5cd1a71e7c3c", "isDeleted:":"true", "version":"1683976300485"}}
{"logTime": "1012/123050", "correlationVector":"DbTJ38zXsw1iMKBh3lO2vI.3","action":"GetUpdates", "result":"DeleteReceived", "context":{"id":"c00e45a1-1d98-47f0-8bc6-29c5d6d559b2", "isDeleted:":"true", "version":"1683976300486"}}
{"logTime": "1012/123050", "correlationVector":"DbTJ38zXsw1iMKBh3lO2vI.4","action":"GetUpdates", "result":"DeleteReceived", "context":{"id":"de04cccd-c2d4-4357-9e39-8a634098773b", "isDeleted:":"true", "version":"1683976301421"}}
{"logTime": "1012/123050", "correlationVector":"DbTJ38zXsw1iMKBh3lO2vI.5","action":"GetUpdates", "result":"DeleteReceived", "context":{"id":"41328b36-ab6d-4fd2-b931-9a7b85b92ace", "isDeleted:":"true", "version":"1683976301423"}}
{"logTime": "1012/123050", "correlationVector":"DbTJ38zXsw1iMKBh3lO2vI.6","action":"GetUpdates", "result":"DeleteReceived", "context":{"id":"902d5db6-f9fa-43dc-b9d0-2c73d0ce806e", "isDeleted:":"true", "version":"1683976301425"}}
{"logTime": "1012/123050", "correlationVector":"DbTJ38zXsw1iMKBh3lO2vI.7","action":"GetUpdates", "result":"DeleteReceived", "context":{"id":"a511f1ed-9fb6-4494-87d0-281b096ac621", "isDeleted:":"true", "version":"1683976301429"}}
{"logTime": "1012/123050", "correlationVector":"DbTJ38zXsw1iMKBh3lO2vI.8","action":"GetUpdates", "result":"DeleteReceived", "context":{"id":"7fdcdd88-99dc-4a53-9548-5d0540a07b02", "isDeleted:":"true", "version":"1683976301430"}}
{"logTime": "1012/123050", "correlationVector":"DbTJ38zXsw1iMKBh3lO2vI.9","action":"GetUpdates", "result":"DeleteReceived", "context":{"id":"4754c70e-2eab-42d1-b032-a9228fe0e59b", "isDeleted:":"true", "version":"1683976301434"}}
{"logTime": "1012/123050", "correlationVector":"DbTJ38zXsw1iMKBh3lO2vI.10","action":"GetUpdates", "result":"DeleteReceived", "context":{"id":"f1d8e4c2-f704-4e48-813a-355b1b967192", "isDeleted:":"true", "version":"1683976302332"}}
{"logTime": "1012/123050", "correlationVector":"DbTJ38zXsw1iMKBh3lO2vI.11","action":"GetUpdates", "result":"DeleteReceived", "context":{"id":"a35965ec-e267-42b3-ae19-c64089354727", "isDeleted:":"true", "version":"1683976302334"}}
{"logTime": "1012/123050", "correlationVector":"DbTJ38zXsw1iMKBh3lO2vI.12","action":"GetUpdates", "result":"DeleteReceived", "context":{"id":"0c9dc69b-8e41-4366-ad2c-7e7186d0427d", "isDeleted:":"true", "version":"1683976302335"}}
{"logTime": "1012/123050", "correlationVector":"DbTJ38zXsw1iMKBh3lO2vI.13","action":"GetUpdates", "result":"DeleteReceived", "context":{"id":"4897e31d-0201-49f3-94bb-c0843fbbb31a", "isDeleted:":"true", "version":"1683976302338"}}
{"logTime": "1012/123050", "correlationVector":"DbTJ38zXsw1iMKBh3lO2vI.14","action":"GetUpdates", "result":"DeleteReceived", "context":{"id":"37da6323-9460-4944-b68b-a6c2415292f1", "isDeleted:":"true", "version":"1683976302342"}}
{"logTime": "1012/123050", "correlationVector":"DbTJ38zXsw1iMKBh3lO2vI.15","action":"GetUpdates", "result":"DeleteReceived", "context":{"id":"f858549e-3bf3-4c58-ba9f-63f48d502f17", "isDeleted:":"true", "version":"1683976302343"}}
{"logTime": "1012/123050", "correlationVector":"DbTJ38zXsw1iMKBh3lO2vI.16","action":"GetUpdates", "result":"DeleteReceived", "context":{"id":"624e9b39-a005-4ea8-ae09-88e5afff7068", "isDeleted:":"true", "version":"1683976302346"}}
{"logTime": "1012/123050", "correlationVector":"DbTJ38zXsw1iMKBh3lO2vI.17","action":"GetUpdates", "result":"DeleteReceived", "context":{"id":"0695c895-8451-4ad6-b69b-1d8d036fdd65", "isDeleted:":"true", "version":"1683976302348"}}
{"logTime": "1012/123050", "correlationVector":"DbTJ38zXsw1iMKBh3lO2vI.18","action":"GetUpdates", "result":"DeleteReceived", "context":{"id":"6603500e-256c-4d76-bf79-cc143b3f1d30", "isDeleted:":"true", "version":"1683976302349"}}
{"logTime": "1012/123050", "correlationVector":"DbTJ38zXsw1iMKBh3lO2vI.19","action":"GetUpdates", "result":"DeleteReceived", "context":{"id":"cd598911-d314-46e5-8e04-14ff28dbb894", "isDeleted:":"true", "version":"1683976302351"}}
{"logTime": "1012/123050", "correlationVector":"DbTJ38zXsw1iMKBh3lO2vI.20","action":"GetUpdates", "result":"DeleteReceived", "context":{"id":"b9af7712-66dd-4240-b5a2-6ac6b7af7896", "isDeleted:":"true", "version":"1683976303263"}}
{"logTime": "1012/123050", "correlationVector":"DbTJ38zXsw1iMKBh3lO2vI.21","action":"GetUpdates", "result":"DeleteReceived", "context":{"id":"5106b861-14fd-4f26-a5cd-9cebb9e27a1a", "isDeleted:":"true", "version":"1683976303264"}}
{"logTime": "1012/123050", "correlationVector":"DbTJ38zXsw1iMKBh3lO2vI.22","action":"GetUpdates", "result":"DeleteReceived", "context":{"id":"29ae08dd-8003-4cfd-a007-66c89279e536", "isDeleted:":"true", "version":"1683976303265"}}
{"logTime": "1012/123050", "correlationVector":"DbTJ38zXsw1iMKBh3lO2vI.23","action":"GetUpdates", "result":"DeleteReceived", "context":{"id":"cff62462-09b8-482d-b02a-db854e9474b8", "isDeleted:":"true", "version":"1683976303268"}}
{"logTime": "1012/123050", "correlationVector":"DbTJ38zXsw1iMKBh3lO2vI.24","action":"GetUpdates", "result":"DeleteReceived", "context":{"id":"db1a53b2-0161-49d5-aa78-516f5f6be48c", "isDeleted:":"true", "version":"1683976303269"}}
{"logTime": "1012/123050", "correlationVector":"DbTJ38zXsw1iMKBh3lO2vI.25","action":"GetUpdates", "result":"DeleteReceived", "context":{"id":"a846965d-d1a8-4025-9b96-847fdddd1b1a", "isDeleted:":"true", "version":"1683976303270"}}
{"logTime": "1012/123050", "correlationVector":"DbTJ38zXsw1iMKBh3lO2vI.26","action":"GetUpdates", "result":"DeleteReceived", "context":{"id":"09aa84e6-88a2-416f-b6b0-d722b95ff159", "isDeleted:":"true", "version":"1683976303276"}}
{"logTime": "1012/123050", "correlationVector":"DbTJ38zXsw1iMKBh3lO2vI.27","action":"GetUpdates", "result":"DeleteReceived", "context":{"id":"3f72ca95-ae91-47d9-8467-dc44469c7348", "isDeleted:":"true", "version":"1683976303277"}}
{"logTime": "1012/123050", "correlationVector":"DbTJ38zXsw1iMKBh3lO2vI.28","action":"GetUpdates", "result":"DeleteReceived", "context":{"id":"59fc3bcd-80b6-4544-95d0-1da42bb706e9", "isDeleted:":"true", "version":"1683976303279"}}
{"logTime": "1012/123050", "correlationVector":"DbTJ38zXsw1iMKBh3lO2vI.29","action":"GetUpdates", "result":"DeleteReceived", "context":{"id":"149022f0-6ebc-4fb4-9883-4982455db871", "isDeleted:":"true", "version":"1683976303281"}}
{"logTime": "1012/123050", "correlationVector":"DbTJ38zXsw1iMKBh3lO2vI.30","action":"GetUpdates", "result":"DeleteReceived", "context":{"id":"5af057ac-6ef2-4de8-890b-13361e924891", "isDeleted:":"true", "version":"1683976304211"}}
{"logTime": "1012/123050", "correlationVector":"DbTJ38zXsw1iMKBh3lO2vI.31","action":"GetUpdates", "result":"DeleteReceived", "context":{"id":"4a5e7e6a-16e2-40b7-b577-657ec8013733", "isDeleted:":"true", "version":"1683976304213"}}
{"logTime": "1012/123050", "correlationVector":"DbTJ38zXsw1iMKBh3lO2vI.32","action":"GetUpdates", "result":"DeleteReceived", "context":{"id":"3ebd040f-efac-43b5-b706-b878179c782b", "isDeleted:":"true", "version":"1683976304216"}}
{"logTime": "1012/123050", "correlationVector":"DbTJ38zXsw1iMKBh3lO2vI.33","action":"GetUpdates", "result":"DeleteReceived", "context":{"id":"fab351ab-3901-4da5-b274-269d28e99e9f", "isDeleted:":"true", "version":"1683976304217"}}
{"logTime": "1012/123050", "correlationVector":"DbTJ38zXsw1iMKBh3lO2vI.34","action":"GetUpdates", "result":"DeleteReceived", "context":{"id":"789d2fb6-0d95-40e1-bb16-8a6eb8c41997", "isDeleted:":"true", "version":"1683976304218"}}
{"logTime": "1012/123050", "correlationVector":"DbTJ38zXsw1iMKBh3lO2vI.35","action":"GetUpdates", "result":"DeleteReceived", "context":{"id":"d68feb03-41d7-48f0-8f59-24a6b77baac3", "isDeleted:":"true", "version":"1683976304219"}}
{"logTime": "1012/123050", "correlationVector":"DbTJ38zXsw1iMKBh3lO2vI.36","action":"GetUpdates", "result":"DeleteReceived", "context":{"id":"196a96b4-3a1c-44cd-b1b2-59cea5f798d1", "isDeleted:":"true", "version":"1684168901294"}}
{"logTime": "1012/123050", "correlationVector":"DbTJ38zXsw1iMKBh3lO2vI.37","action":"GetUpdates", "result":"DeleteReceived", "context":{"id":"cda69dbf-f56f-4cd0-a198-75af4d132f1f", "isDeleted:":"true", "version":"1684521189344"}}
{"logTime": "1012/123050", "correlationVector":"DbTJ38zXsw1iMKBh3lO2vI.38","action":"GetUpdates", "result":"DeleteReceived", "context":{"id":"abf650f9-b7c8-4528-880d-a1180ab6253a", "isDeleted:":"true", "version":"1684521190022"}}
{"logTime": "1012/123050", "correlationVector":"DbTJ38zXsw1iMKBh3lO2vI.39","action":"GetUpdates", "result":"DeleteReceived", "context":{"id":"c3bd6000-2518-4bce-bfd8-b3a88ac2122c", "isDeleted:":"true", "version":"1684521190756"}}
{"logTime": "1012/123050", "correlationVector":"DbTJ38zXsw1iMKBh3lO2vI.40","action":"GetUpdates", "result":"DeleteReceived", "context":{"id":"a34795dc-ed5f-4e54-9bf7-0f2b086e085e", "isDeleted:":"true", "version":"1684521191456"}}
{"logTime": "1012/123050", "correlationVector":"DbTJ38zXsw1iMKBh3lO2vI.41","action":"GetUpdates", "result":"DeleteReceived", "context":{"id":"8eae9835-b98a-4edc-b6cb-4d3b04b76aeb", "isDeleted:":"true", "version":"1684521192112"}}
{"logTime": "1012/123050", "correlationVector":"DbTJ38zXsw1iMKBh3lO2vI.42","action":"GetUpdates", "result":"DeleteReceived", "context":{"id":"68ae68a4-8654-44b5-acbf-e02b64604eae", "isDeleted:":"true", "version":"1684521192777"}}
{"logTime": "1012/123050", "correlationVector":"DbTJ38zXsw1iMKBh3lO2vI.43","action":"GetUpdates", "result":"DeleteReceived", "context":{"id":"2b3e72da-8dc8-45b6-9efc-719e4453af04", "isDeleted:":"true", "version":"1684521198054"}}
{"logTime": "1012/123050", "correlationVector":"DbTJ38zXsw1iMKBh3lO2vI.44","action":"GetUpdates", "result":"DeleteReceived", "context":{"id":"14276150-07ed-40c4-9b5f-772fcd1e0c4b", "isDeleted:":"true", "version":"1684521198745"}}
{"logTime": "1012/123050", "correlationVector":"DbTJ38zXsw1iMKBh3lO2vI.45","action":"GetUpdates", "result":"DeleteReceived", "context":{"id":"2117d55b-2f6b-42fc-ac72-58ace99460c4", "isDeleted:":"true", "version":"1684521199429"}}
{"logTime": "1012/123050", "correlationVector":"DbTJ38zXsw1iMKBh3lO2vI.46","action":"GetUpdates", "result":"DeleteReceived", "context":{"id":"e418d977-4db8-4a52-a724-4005ef134626", "isDeleted:":"true", "version":"1684521200281"}}
{"logTime": "1012/123050", "correlationVector":"DbTJ38zXsw1iMKBh3lO2vI.47","action":"GetUpdates", "result":"DeleteReceived", "context":{"id":"fdde60d5-1208-4372-b5d3-5deb0d5f9794", "isDeleted:":"true", "version":"1684521201280"}}
{"logTime": "1012/123050", "correlationVector":"DbTJ38zXsw1iMKBh3lO2vI.48","action":"GetUpdates", "result":"DeleteReceived", "context":{"id":"58542cc1-5d70-4022-987a-fb4fe2f5b06e", "isDeleted:":"true", "version":"1684521205337"}}
{"logTime": "1012/123050", "correlationVector":"DbTJ38zXsw1iMKBh3lO2vI.49","action":"GetUpdates", "result":"DeleteReceived", "context":{"id":"408c4e77-70e2-4f81-a2df-b831f37b4c81", "isDeleted:":"true", "version":"1684521206028"}}
{"logTime": "1012/123050", "correlationVector":"DbTJ38zXsw1iMKBh3lO2vI.50","action":"GetUpdates", "result":"DeleteReceived", "context":{"id":"b62d84a5-9a7f-4e84-a21b-9cfb796f718f", "isDeleted:":"true", "version":"1684521206692"}}
{"logTime": "1012/123050", "correlationVector":"DbTJ38zXsw1iMKBh3lO2vI.51","action":"GetUpdates", "result":"DeleteReceived", "context":{"id":"405c61dd-6174-466b-a4d6-4f6cca68adc0", "isDeleted:":"true", "version":"1684521207480"}}
{"logTime": "1012/123050", "correlationVector":"DbTJ38zXsw1iMKBh3lO2vI.52","action":"GetUpdates", "result":"DeleteReceived", "context":{"id":"6ed0751b-17b6-41b5-8593-036580569610", "isDeleted:":"true", "version":"1684521208132"}}
{"logTime": "1012/123050", "correlationVector":"DbTJ38zXsw1iMKBh3lO2vI.53","action":"GetUpdates", "result":"DeleteReceived", "context":{"id":"6eecc9a8-0af9-43a1-8273-2843fd7836ae", "isDeleted:":"true", "version":"1684521208801"}}
{"logTime": "1012/123050", "correlationVector":"DbTJ38zXsw1iMKBh3lO2vI.54","action":"GetUpdates", "result":"DeleteReceived", "context":{"id":"12891967-7a49-4f68-b03c-961cab440d43", "isDeleted:":"true", "version":"1684521209898"}}
{"logTime": "1012/123050", "correlationVector":"DbTJ38zXsw1iMKBh3lO2vI.55","action":"GetUpdates", "result":"DeleteReceived", "context":{"id":"a08e8e1b-8a1e-4811-8862-d413c716ad1f", "isDeleted:":"true", "version":"1684521210567"}}
{"logTime": "1012/123050", "correlationVector":"DbTJ38zXsw1iMKBh3lO2vI.56","action":"GetUpdates", "result":"DeleteReceived", "context":{"id":"bb31e6d7-d7af-417f-a249-d0eb927fbaa9", "isDeleted:":"true", "version":"1684521211872"}}
{"logTime": "1012/123050", "correlationVector":"DbTJ38zXsw1iMKBh3lO2vI.57","action":"GetUpdates", "result":"DeleteReceived", "context":{"id":"21e6268d-a439-474b-af7a-c078ae080fe0", "isDeleted:":"true", "version":"1684521212571"}}
{"logTime": "1012/123050", "correlationVector":"DbTJ38zXsw1iMKBh3lO2vI.58","action":"GetUpdates", "result":"DeleteReceived", "context":{"id":"5a9724b7-9e49-4ee8-b105-9a06847b6d23", "isDeleted:":"true", "version":"1684521213246"}}
{"logTime": "1012/123050", "correlationVector":"DbTJ38zXsw1iMKBh3lO2vI.59","action":"GetUpdates", "result":"DeleteReceived", "context":{"id":"ae9956a9-cabf-4b20-933d-6bf690437ebc", "isDeleted:":"true", "version":"1684521213906"}}
{"logTime": "1012/123050", "correlationVector":"DbTJ38zXsw1iMKBh3lO2vI.60","action":"GetUpdates", "result":"DeleteReceived", "context":{"id":"c4e013b1-303d-471a-b6c4-821902e16e0e", "isDeleted:":"true", "version":"1684521222854"}}
{"logTime": "1012/123050", "correlationVector":"DbTJ38zXsw1iMKBh3lO2vI.61","action":"GetUpdates", "result":"DeleteReceived", "context":{"id":"9e63e686-005d-4f69-9944-aede6f11c379", "isDeleted:":"true", "version":"1685481305805"}}
{"logTime": "1012/123050", "correlationVector":"DbTJ38zXsw1iMKBh3lO2vI.62","action":"GetUpdates", "result":"DeleteReceived", "context":{"id":"98bc9e32-e353-4a0b-95b7-87e845169f7c", "isDeleted:":"true", "version":"1685481305814"}}
{"logTime": "1012/123050", "correlationVector":"DbTJ38zXsw1iMKBh3lO2vI.63","action":"GetUpdates", "result":"DeleteReceived", "context":{"id":"4840518d-6e4e-4b8c-bd39-69ae5b6600e5", "isDeleted:":"true", "version":"1685481305815"}}
{"logTime": "1012/123050", "correlationVector":"DbTJ38zXsw1iMKBh3lO2vI.64","action":"GetUpdates", "result":"DeleteReceived", "context":{"id":"f17ab1bb-6e6c-4d79-828a-ebd1cca802c6", "isDeleted:":"true", "version":"1685481305819"}}
{"logTime": "1012/123050", "correlationVector":"DbTJ38zXsw1iMKBh3lO2vI.65","action":"GetUpdates", "result":"DeleteReceived", "context":{"id":"d0cbad5a-a87b-4006-9cb9-986f5c4be683", "isDeleted:":"true", "version":"1685481305820"}}
{"logTime": "1012/123050", "correlationVector":"DbTJ38zXsw1iMKBh3lO2vI.66","action":"GetUpdates", "result":"DeleteReceived", "context":{"id":"f7329bbb-ea5d-4764-93c9-62997de54dfd", "isDeleted:":"true", "version":"1685481305821"}}
{"logTime": "1012/123050", "correlationVector":"DbTJ38zXsw1iMKBh3lO2vI.67","action":"GetUpdates", "result":"DeleteReceived", "context":{"id":"96dcbde3-ee10-4d40-92a8-995272941ad1", "isDeleted:":"true", "version":"1685481306837"}}
{"logTime": "1012/123050", "correlationVector":"DbTJ38zXsw1iMKBh3lO2vI.68","action":"GetUpdates", "result":"DeleteReceived", "context":{"id":"194d53a0-0ced-4e18-bfd6-2c4b6395528b", "isDeleted:":"true", "version":"1685481306839"}}
{"logTime": "1012/123050", "correlationVector":"DbTJ38zXsw1iMKBh3lO2vI.69","action":"GetUpdates", "result":"DeleteReceived", "context":{"id":"829e0a47-8e46-4d4f-b96a-8c34ac227505", "isDeleted:":"true", "version":"1685481306841"}}
{"logTime": "1012/123050", "correlationVector":"DbTJ38zXsw1iMKBh3lO2vI.70","action":"GetUpdates", "result":"DeleteReceived", "context":{"id":"9f82cbf3-5fee-4388-bb9d-ff985566cb96", "isDeleted:":"true", "version":"1685481306843"}}
{"logTime": "1012/123050", "correlationVector":"DbTJ38zXsw1iMKBh3lO2vI.71","action":"GetUpdates", "result":"DeleteReceived", "context":{"id":"47fc359d-c19f-4f6f-be3d-e3521951aa95", "isDeleted:":"true", "version":"1685481306844"}}
{"logTime": "1012/123050", "correlationVector":"DbTJ38zXsw1iMKBh3lO2vI.72","action":"GetUpdates", "result":"DeleteReceived", "context":{"id":"0dbd8a07-f0a7-40b8-93ae-9f87c5f23c7f", "isDeleted:":"true", "version":"1685481306854"}}
{"logTime": "1012/123050", "correlationVector":"DbTJ38zXsw1iMKBh3lO2vI.73","action":"GetUpdates", "result":"DeleteReceived", "context":{"id":"fb6ed676-ef98-4304-9355-e55ba67eb5e6", "isDeleted:":"true", "version":"1685481306855"}}
{"logTime": "1012/123050", "correlationVector":"DbTJ38zXsw1iMKBh3lO2vI.74","action":"GetUpdates", "result":"DeleteReceived", "context":{"id":"7c2fd3af-2900-435d-a3b6-ea1b1d5952ab", "isDeleted:":"true", "version":"1685481307854"}}
{"logTime": "1012/123050", "correlationVector":"DbTJ38zXsw1iMKBh3lO2vI.75","action":"GetUpdates", "result":"DeleteReceived", "context":{"id":"85505872-89e7-49c0-adbb-c73eab79b306", "isDeleted:":"true", "version":"1685481307855"}}
{"logTime": "1012/123050", "correlationVector":"DbTJ38zXsw1iMKBh3lO2vI.76","action":"GetUpdates", "result":"DeleteReceived", "context":{"id":"0804d5cb-c238-4361-813d-918078c8ac58", "isDeleted:":"true", "version":"1685481307859"}}
{"logTime": "1012/123050", "correlationVector":"DbTJ38zXsw1iMKBh3lO2vI.77","action":"GetUpdates", "result":"DeleteReceived", "context":{"id":"50eb7ecd-1186-4a88-92fe-cd6458f5a4d0", "isDeleted:":"true", "version":"1685481307860"}}
{"logTime": "1012/123050", "correlationVector":"DbTJ38zXsw1iMKBh3lO2vI.78","action":"GetUpdates", "result":"DeleteReceived", "context":{"id":"b546cc26-66cf-4f00-8618-b16c26e5a6aa", "isDeleted:":"true", "version":"1685481307861"}}
{"logTime": "1012/123050", "correlationVector":"DbTJ38zXsw1iMKBh3lO2vI.79","action":"GetUpdates", "result":"DeleteReceived", "context":{"id":"20144c7a-107e-42bc-9c05-c874746fbe04", "isDeleted:":"true", "version":"1685481307862"}}
{"logTime": "1012/123050", "correlationVector":"DbTJ38zXsw1iMKBh3lO2vI.80","action":"GetUpdates", "result":"DeleteReceived", "context":{"id":"2c407428-e5c2-4dc9-ace9-36c7240ec792", "isDeleted:":"true", "version":"1685481307864"}}
{"logTime": "1012/123050", "correlationVector":"DbTJ38zXsw1iMKBh3lO2vI.81","action":"GetUpdates", "result":"DeleteReceived", "context":{"id":"8c4915cd-2b68-4e74-bcda-5c624a193742", "isDeleted:":"true", "version":"1685481307865"}}
{"logTime": "1012/123050", "correlationVector":"DbTJ38zXsw1iMKBh3lO2vI.82","action":"GetUpdates", "result":"DeleteReceived", "context":{"id":"44afa89f-5f19-4f89-bf1a-259c00fc1409", "isDeleted:":"true", "version":"1685481307867"}}
{"logTime": "1012/123050", "correlationVector":"DbTJ38zXsw1iMKBh3lO2vI.83","action":"GetUpdates", "result":"DeleteReceived", "context":{"id":"5bbc1f38-bc42-4cf1-8224-e1b79fe4aca0", "isDeleted:":"true", "version":"1685481307868"}}
{"logTime": "1012/123050", "correlationVector":"DbTJ38zXsw1iMKBh3lO2vI.84","action":"GetUpdates", "result":"DeleteReceived", "context":{"id":"1ec0af40-5eeb-4b33-9642-d741b1985847", "isDeleted:":"true", "version":"1685481307871"}}
{"logTime": "1012/123050", "correlationVector":"DbTJ38zXsw1iMKBh3lO2vI.85","action":"GetUpdates", "result":"DeleteReceived", "context":{"id":"cd7741ba-576b-4282-ab6d-2523002ef0ac", "isDeleted:":"true", "version":"1685481307873"}}
{"logTime": "1012/123050", "correlationVector":"DbTJ38zXsw1iMKBh3lO2vI.86","action":"GetUpdates", "result":"DeleteReceived", "context":{"id":"4ec0430a-51fb-49dd-871a-fe6b93d44d70", "isDeleted:":"true", "version":"1685481308942"}}
{"logTime": "1012/123050", "correlationVector":"DbTJ38zXsw1iMKBh3lO2vI.87","action":"GetUpdates", "result":"DeleteReceived", "context":{"id":"182e740a-c6b7-42d9-93f6-e0e5b65a929c", "isDeleted:":"true", "version":"1685481308944"}}
{"logTime": "1012/123050", "correlationVector":"DbTJ38zXsw1iMKBh3lO2vI.88","action":"GetUpdates", "result":"DeleteReceived", "context":{"id":"2bf47a3f-1dc7-4a60-bded-94fe6f54b9dd", "isDeleted:":"true", "version":"1685481308948"}}
{"logTime": "1012/123050", "correlationVector":"DbTJ38zXsw1iMKBh3lO2vI.89","action":"GetUpdates", "result":"DeleteReceived", "context":{"id":"bdfbea51-3a8e-46bc-9b8d-2a6da328a22b", "isDeleted:":"true", "version":"1685481308952"}}
{"logTime": "1012/123050", "correlationVector":"DbTJ38zXsw1iMKBh3lO2vI.90","action":"GetUpdates", "result":"DeleteReceived", "context":{"id":"53ff4271-1d8c-40d1-84e7-188eaf498306", "isDeleted:":"true", "version":"1685481308953"}}
{"logTime": "1012/123050", "correlationVector":"DbTJ38zXsw1iMKBh3lO2vI.91","action":"GetUpdates", "result":"DeleteReceived", "context":{"id":"7084725e-bdd5-48f1-870a-7b644e041383", "isDeleted:":"true", "version":"1685481308954"}}
{"logTime": "1012/123050", "correlationVector":"DbTJ38zXsw1iMKBh3lO2vI.92","action":"GetUpdates", "result":"DeleteReceived", "context":{"id":"c6ff1d5b-63f4-4ba6-9d47-95c30acfe420", "isDeleted:":"true", "version":"1685481308955"}}
{"logTime": "1012/123050", "correlationVector":"DbTJ38zXsw1iMKBh3lO2vI.93","action":"GetUpdates", "result":"DeleteReceived", "context":{"id":"f571c1ab-1c9b-4985-b7ca-fbc2292bcde0", "isDeleted:":"true", "version":"1685481308958"}}
{"logTime": "1012/123050", "correlationVector":"DbTJ38zXsw1iMKBh3lO2vI.94","action":"GetUpdates", "result":"DeleteReceived", "context":{"id":"d1a36831-06d8-41e5-a465-18ce5c5f14cb", "isDeleted:":"true", "version":"1685481308960"}}
{"logTime": "1012/123050", "correlationVector":"DbTJ38zXsw1iMKBh3lO2vI.95","action":"GetUpdates", "result":"DeleteReceived", "context":{"id":"4cb7577f-ade9-4953-af38-083677ef32b0", "isDeleted:":"true", "version":"1685481308961"}}
{"logTime": "1012/123050", "correlationVector":"DbTJ38zXsw1iMKBh3lO2vI.96","action":"GetUpdates", "result":"DeleteReceived", "context":{"id":"00dab991-aa7f-4724-8828-04213767b9e8", "isDeleted:":"true", "version":"1685481310011"}}
{"logTime": "1012/123050", "correlationVector":"DbTJ38zXsw1iMKBh3lO2vI.97","action":"GetUpdates", "result":"DeleteReceived", "context":{"id":"9537f4e4-7fe9-43b4-8566-f714d5629eee", "isDeleted:":"true", "version":"1685481310014"}}
{"logTime": "1012/123050", "correlationVector":"DbTJ38zXsw1iMKBh3lO2vI.98","action":"GetUpdates", "result":"DeleteReceived", "context":{"id":"4fe99713-b500-42ea-9bf6-e4d0024fe1a0", "isDeleted:":"true", "version":"1685481310018"}}
{"logTime": "1012/123050", "correlationVector":"DbTJ38zXsw1iMKBh3lO2vI.99","action":"GetUpdates", "result":"DeleteReceived", "context":{"id":"f1902326-f06d-4a83-8873-254e8351ae17", "isDeleted:":"true", "version":"1685481310020"}}
{"logTime": "1012/123050", "correlationVector":"DbTJ38zXsw1iMKBh3lO2vI.100","action":"GetUpdates", "result":"DeleteReceived", "context":{"id":"82966245-a280-4d7f-8cfc-07019043ce03", "isDeleted:":"true", "version":"1685481310021"}}
{"logTime": "1012/123050", "correlationVector":"DbTJ38zXsw1iMKBh3lO2vI.101","action":"GetUpdates", "result":"DeleteReceived", "context":{"id":"0cfd34e0-723e-4446-8df0-bb69512cc5de", "isDeleted:":"true", "version":"1685481310023"}}
{"logTime": "1012/123050", "correlationVector":"DbTJ38zXsw1iMKBh3lO2vI.102","action":"GetUpdates", "result":"DeleteReceived", "context":{"id":"056accea-6e6b-4616-b585-6b208a1a896f", "isDeleted:":"true", "version":"1685481310024"}}
{"logTime": "1012/123050", "correlationVector":"DbTJ38zXsw1iMKBh3lO2vI.103","action":"GetUpdates", "result":"DeleteReceived", "context":{"id":"e7423f9d-9db8-4a1d-adc7-de5b4c4e458b", "isDeleted:":"true", "version":"1685481310028"}}
{"logTime": "1012/123050", "correlationVector":"DbTJ38zXsw1iMKBh3lO2vI.104","action":"GetUpdates", "result":"DeleteReceived", "context":{"id":"638187d0-0248-4811-9aee-8d72a13c3784", "isDeleted:":"true", "version":"1685481311063"}}
{"logTime": "1012/123050", "correlationVector":"DbTJ38zXsw1iMKBh3lO2vI.105","action":"GetUpdates", "result":"DeleteReceived", "context":{"id":"9a8fc9db-9787-4487-adc5-e38e783e2142", "isDeleted:":"true", "version":"1685481311064"}}
{"logTime": "1012/123050", "correlationVector":"DbTJ38zXsw1iMKBh3lO2vI.106","action":"GetUpdates", "result":"DeleteReceived", "context":{"id":"f1a7fa4b-7453-4e53-ae4e-6e2718bbeca0", "isDeleted:":"true", "version":"1685481311065"}}
{"logTime": "1012/123050", "correlationVector":"DbTJ38zXsw1iMKBh3lO2vI.107","action":"GetUpdates", "result":"DeleteReceived", "context":{"id":"1c3e543a-cd5d-4f4c-98c3-ad5f9d0fd886", "isDeleted:":"true", "version":"1685481311066"}}
{"logTime": "1012/123050", "correlationVector":"DbTJ38zXsw1iMKBh3lO2vI.108","action":"GetUpdates", "result":"DeleteReceived", "context":{"id":"20f0a392-5320-4ae7-ae77-a8932b3f2288", "isDeleted:":"true", "version":"1685481311070"}}
{"logTime": "1012/123050", "correlationVector":"DbTJ38zXsw1iMKBh3lO2vI.109","action":"GetUpdates", "result":"DeleteReceived", "context":{"id":"ea06aa65-dafa-4baa-9183-dcf98b2d87e5", "isDeleted:":"true", "version":"1685481311071"}}
{"logTime": "1012/123050", "correlationVector":"DbTJ38zXsw1iMKBh3lO2vI.110","action":"GetUpdates", "result":"DeleteReceived", "context":{"id":"26251246-4764-431d-9247-852f542475f6", "isDeleted:":"true", "version":"1685481311072"}}
{"logTime": "1012/123050", "correlationVector":"DbTJ38zXsw1iMKBh3lO2vI.111","action":"GetUpdates", "result":"DeleteReceived", "context":{"id":"5231690e-e3cd-4088-8d0c-6a7a2a876e05", "isDeleted:":"true", "version":"1685481311074"}}
{"logTime": "1012/123050", "correlationVector":"DbTJ38zXsw1iMKBh3lO2vI.112","action":"GetUpdates", "result":"DeleteReceived", "context":{"id":"1efd4c37-6ae6-4d85-9ffd-a4540e9bd16b", "isDeleted:":"true", "version":"1685481311075"}}
{"logTime": "1012/123050", "correlationVector":"DbTJ38zXsw1iMKBh3lO2vI.113","action":"GetUpdates", "result":"DeleteReceived", "context":{"id":"62b8d3d2-47cf-410e-8901-d94739f0f221", "isDeleted:":"true", "version":"1685481311079"}}
{"logTime": "1012/123050", "correlationVector":"DbTJ38zXsw1iMKBh3lO2vI.114","action":"GetUpdates", "result":"DeleteReceived", "context":{"id":"eb92730c-0770-4572-baec-a5109b9ff3f5", "isDeleted:":"true", "version":"1685481311082"}}
{"logTime": "1012/123050", "correlationVector":"DbTJ38zXsw1iMKBh3lO2vI.115","action":"GetUpdates", "result":"DeleteReceived", "context":{"id":"e9acae2f-6fc7-4fc4-954e-6498574b4567", "isDeleted:":"true", "version":"1685481312048"}}
{"logTime": "1012/123050", "correlationVector":"DbTJ38zXsw1iMKBh3lO2vI.116","action":"GetUpdates", "result":"DeleteReceived", "context":{"id":"0785f252-c14c-4e2c-ac30-e0066b8b3191", "isDeleted:":"true", "version":"1685481312050"}}
{"logTime": "1012/123050", "correlationVector":"DbTJ38zXsw1iMKBh3lO2vI.117","action":"GetUpdates", "result":"DeleteReceived", "context":{"id":"961390bb-ae97-43e0-a1b9-f9ed1eaf9f9e", "isDeleted:":"true", "version":"1685481312053"}}
{"logTime": "1012/123050", "correlationVector":"DbTJ38zXsw1iMKBh3lO2vI.118","action":"GetUpdates", "result":"DeleteReceived", "context":{"id":"1ebb1931-a7ff-459c-ba82-92a450476cbf", "isDeleted:":"true", "version":"1685481312054"}}
{"logTime": "1012/123050", "correlationVector":"DbTJ38zXsw1iMKBh3lO2vI.119","action":"GetUpdates", "result":"DeleteReceived", "context":{"id":"34419543-1833-4a84-aa4b-b19dded448b4", "isDeleted:":"true", "version":"1685481312055"}}
{"logTime": "1012/123050", "correlationVector":"DbTJ38zXsw1iMKBh3lO2vI.120","action":"GetUpdates", "result":"DeleteReceived", "context":{"id":"c266625d-ea4b-4627-808a-0e6614fe845a", "isDeleted:":"true", "version":"1685481312056"}}
{"logTime": "1012/123050", "correlationVector":"DbTJ38zXsw1iMKBh3lO2vI.121","action":"GetUpdates", "result":"DeleteReceived", "context":{"id":"a3835d79-b8a3-4688-bff9-1a2be88dbbb8", "isDeleted:":"true", "version":"1685481312057"}}
{"logTime": "1012/123050", "correlationVector":"DbTJ38zXsw1iMKBh3lO2vI.122","action":"GetUpdates", "result":"DeleteReceived", "context":{"id":"5b112bde-077d-41f7-96e7-3c8150a37489", "isDeleted:":"true", "version":"1685481312061"}}
{"logTime": "1012/123050", "correlationVector":"DbTJ38zXsw1iMKBh3lO2vI.123","action":"GetUpdates", "result":"DeleteReceived", "context":{"id":"0ef8a0d8-f6d1-4a3c-bc73-d40ec2af4ff9", "isDeleted:":"true", "version":"1685481313003"}}
{"logTime": "1012/123050", "correlationVector":"DbTJ38zXsw1iMKBh3lO2vI.124","action":"GetUpdates", "result":"DeleteReceived", "context":{"id":"dbccf298-d962-4e95-834d-d57f97304e41", "isDeleted:":"true", "version":"1685481313004"}}
{"logTime": "1012/123050", "correlationVector":"DbTJ38zXsw1iMKBh3lO2vI.125","action":"GetUpdates", "result":"DeleteReceived", "context":{"id":"af2a9421-09f0-4f4c-8d88-67916fc86e16", "isDeleted:":"true", "version":"1685481313005"}}
{"logTime": "1012/123050", "correlationVector":"DbTJ38zXsw1iMKBh3lO2vI.126","action":"GetUpdates", "result":"DeleteReceived", "context":{"id":"3ddf0c0a-8506-4654-8cd2-e4f53603ad32", "isDeleted:":"true", "version":"1685481313006"}}
{"logTime": "1012/123050", "correlationVector":"DbTJ38zXsw1iMKBh3lO2vI.127","action":"GetUpdates", "result":"DeleteReceived", "context":{"id":"e6bfda0d-b3d8-4571-9a1b-8c1a365b9730", "isDeleted:":"true", "version":"1685481313008"}}
{"logTime": "1012/123050", "correlationVector":"DbTJ38zXsw1iMKBh3lO2vI.128","action":"GetUpdates", "result":"DeleteReceived", "context":{"id":"5b8e0f16-fc85-4c8f-a77f-9dc5175543a1", "isDeleted:":"true", "version":"1685481313011"}}
{"logTime": "1012/123050", "correlationVector":"DbTJ38zXsw1iMKBh3lO2vI.129","action":"GetUpdates", "result":"DeleteReceived", "context":{"id":"b4313f9e-2822-4d59-917f-9fa75081ac53", "isDeleted:":"true", "version":"1685481313012"}}
{"logTime": "1012/123050", "correlationVector":"DbTJ38zXsw1iMKBh3lO2vI.130","action":"GetUpdates", "result":"DeleteReceived", "context":{"id":"1320a612-c06c-4375-a5db-b02d4abf340a", "isDeleted:":"true", "version":"1685481313020"}}
{"logTime": "1012/123050", "correlationVector":"DbTJ38zXsw1iMKBh3lO2vI.131","action":"GetUpdates", "result":"DeleteReceived", "context":{"id":"dddb9a17-0713-4ac8-8b34-f29238298616", "isDeleted:":"true", "version":"1685481313978"}}
{"logTime": "1012/123050", "correlationVector":"DbTJ38zXsw1iMKBh3lO2vI.132","action":"GetUpdates", "result":"DeleteReceived", "context":{"id":"2f6c1c45-d476-4147-aa26-5559cdd4c054", "isDeleted:":"true", "version":"1685481313981"}}
{"logTime": "1012/123050", "correlationVector":"DbTJ38zXsw1iMKBh3lO2vI.133","action":"GetUpdates", "result":"DeleteReceived", "context":{"id":"0d1fd3cf-589a-45a5-b9a7-a78a3c1cd2c9", "isDeleted:":"true", "version":"1685481313983"}}
{"logTime": "1012/123050", "correlationVector":"DbTJ38zXsw1iMKBh3lO2vI.134","action":"GetUpdates", "result":"DeleteReceived", "context":{"id":"fb8e58c0-685a-4c71-87ca-75574448049c", "isDeleted:":"true", "version":"1685481313984"}}
{"logTime": "1012/123050", "correlationVector":"DbTJ38zXsw1iMKBh3lO2vI.135","action":"GetUpdates", "result":"DeleteReceived", "context":{"id":"0aaa6ff4-f81e-44db-bd8c-b60239c20d12", "isDeleted:":"true", "version":"1685481313988"}}
{"logTime": "1012/123050", "correlationVector":"DbTJ38zXsw1iMKBh3lO2vI.136","action":"GetUpdates", "result":"DeleteReceived", "context":{"id":"d26d7f79-9c46-4586-b9da-ddca207748c4", "isDeleted:":"true", "version":"1685481313991"}}
{"logTime": "1012/123050", "correlationVector":"DbTJ38zXsw1iMKBh3lO2vI.137","action":"GetUpdates", "result":"DeleteReceived", "context":{"id":"ad70fe90-361d-4510-a714-86ae7b4cc3cd", "isDeleted:":"true", "version":"1685481313995"}}
{"logTime": "1012/123050", "correlationVector":"DbTJ38zXsw1iMKBh3lO2vI.138","action":"GetUpdates", "result":"DeleteReceived", "context":{"id":"e50fe7fd-1415-4ef8-8e57-d94873e58fc4", "isDeleted:":"true", "version":"1685481313997"}}
{"logTime": "1012/123050", "correlationVector":"DbTJ38zXsw1iMKBh3lO2vI.139","action":"GetUpdates", "result":"DeleteReceived", "context":{"id":"32a04180-851e-4e59-8f4c-ab1dec58147c", "isDeleted:":"true", "version":"1685481315414"}}
{"logTime": "1012/123050", "correlationVector":"DbTJ38zXsw1iMKBh3lO2vI.140","action":"GetUpdates", "result":"DeleteReceived", "context":{"id":"39a5e027-96c4-4345-aaa3-bc06a27c65f7", "isDeleted:":"true", "version":"1685481315422"}}
{"logTime": "1012/123050", "correlationVector":"DbTJ38zXsw1iMKBh3lO2vI.141","action":"GetUpdates", "result":"DeleteReceived", "context":{"id":"bc8629b4-c4c7-46e7-9ddc-ed714b74d3c3", "isDeleted:":"true", "version":"1685481315426"}}
{"logTime": "1012/123050", "correlationVector":"DbTJ38zXsw1iMKBh3lO2vI.142","action":"GetUpdates", "result":"DeleteReceived", "context":{"id":"6c9f6579-1859-47b8-9816-177ce3fcdabb", "isDeleted:":"true", "version":"1685481315428"}}
{"logTime": "1012/123050", "correlationVector":"DbTJ38zXsw1iMKBh3lO2vI.143","action":"GetUpdates", "result":"DeleteReceived", "context":{"id":"a6d78a85-17b9-4dfc-8adf-9f4cc5a0f664", "isDeleted:":"true", "version":"1685481315429"}}
{"logTime": "1012/123050", "correlationVector":"DbTJ38zXsw1iMKBh3lO2vI.144","action":"GetUpdates", "result":"DeleteReceived", "context":{"id":"d652df21-75d1-468b-b803-299b7fb391a6", "isDeleted:":"true", "version":"1685481315430"}}
{"logTime": "1012/123050", "correlationVector":"DbTJ38zXsw1iMKBh3lO2vI.145","action":"GetUpdates", "result":"DeleteReceived", "context":{"id":"03acbe1c-4137-4187-91f3-ee074bb53d73", "isDeleted:":"true", "version":"1685481316372"}}
{"logTime": "1012/123050", "correlationVector":"DbTJ38zXsw1iMKBh3lO2vI.146","action":"GetUpdates", "result":"DeleteReceived", "context":{"id":"f2bd6639-cc1a-4594-ad48-39fa7137bbc0", "isDeleted:":"true", "version":"1685481316375"}}
{"logTime": "1012/123050", "correlationVector":"DbTJ38zXsw1iMKBh3lO2vI.147","action":"GetUpdates", "result":"DeleteReceived", "context":{"id":"14504b9f-f6b2-4d20-804c-5280b7aacf90", "isDeleted:":"true", "version":"1685481316376"}}
{"logTime": "1012/123050", "correlationVector":"DbTJ38zXsw1iMKBh3lO2vI.148","action":"GetUpdates", "result":"DeleteReceived", "context":{"id":"f901eb93-74f6-4a26-bd6e-6d65b8eab024", "isDeleted:":"true", "version":"1685481316378"}}
{"logTime": "1012/123050", "correlationVector":"DbTJ38zXsw1iMKBh3lO2vI.149","action":"GetUpdates", "result":"DeleteReceived", "context":{"id":"304ed974-fda9-4370-8fea-282f056227d8", "isDeleted:":"true", "version":"1685481316380"}}
{"logTime": "1012/123050", "correlationVector":"DbTJ38zXsw1iMKBh3lO2vI.150","action":"GetUpdates", "result":"DeleteReceived", "context":{"id":"fe27e7a4-035b-4c95-bcb8-e87cc822d587", "isDeleted:":"true", "version":"1685481316382"}}
{"logTime": "1012/123050", "correlationVector":"DbTJ38zXsw1iMKBh3lO2vI.151","action":"GetUpdates", "result":"DeleteReceived", "context":{"id":"a871fc33-a598-4633-983f-cbf9da03f18d", "isDeleted:":"true", "version":"1685481316384"}}
{"logTime": "1012/123050", "correlationVector":"DbTJ38zXsw1iMKBh3lO2vI.152","action":"GetUpdates", "result":"DeleteReceived", "context":{"id":"b3b22be2-50b9-4e6e-a38e-76c5704aa6ec", "isDeleted:":"true", "version":"1685481316390"}}
{"logTime": "1012/123050", "correlationVector":"DbTJ38zXsw1iMKBh3lO2vI.153","action":"GetUpdates", "result":"DeleteReceived", "context":{"id":"cf4f5e8e-0a37-4fc7-a8e3-2ea782a50364", "isDeleted:":"true", "version":"1685481317415"}}
{"logTime": "1012/123050", "correlationVector":"DbTJ38zXsw1iMKBh3lO2vI.154","action":"GetUpdates", "result":"DeleteReceived", "context":{"id":"2cd6e0e4-92c3-4ed3-85d8-45d1530007c4", "isDeleted:":"true", "version":"1685481317418"}}
{"logTime": "1012/123050", "correlationVector":"DbTJ38zXsw1iMKBh3lO2vI.155","action":"GetUpdates", "result":"DeleteReceived", "context":{"id":"bc05093a-9bf7-425c-845e-d618746ff077", "isDeleted:":"true", "version":"1685481317419"}}
{"logTime": "1012/123050", "correlationVector":"DbTJ38zXsw1iMKBh3lO2vI.156","action":"GetUpdates", "result":"DeleteReceived", "context":{"id":"d64d8f25-9143-4558-b6f9-970adf3cae58", "isDeleted:":"true", "version":"1685481317420"}}
{"logTime": "1012/123050", "correlationVector":"DbTJ38zXsw1iMKBh3lO2vI.157","action":"GetUpdates", "result":"DeleteReceived", "context":{"id":"a55f9361-edea-415e-8e08-cdaacc8dd794", "isDeleted:":"true", "version":"1685481317424"}}
{"logTime": "1012/123050", "correlationVector":"DbTJ38zXsw1iMKBh3lO2vI.158","action":"GetUpdates", "result":"DeleteReceived", "context":{"id":"d7775a2a-dc84-40bb-91f6-2c564c7453a9", "isDeleted:":"true", "version":"1685481317425"}}
{"logTime": "1012/123050", "correlationVector":"DbTJ38zXsw1iMKBh3lO2vI.159","action":"GetUpdates", "result":"DeleteReceived", "context":{"id":"fe4ff974-15f1-4b86-9ee1-dfa02860ef4a", "isDeleted:":"true", "version":"1685481317427"}}
{"logTime": "1012/123050", "correlationVector":"DbTJ38zXsw1iMKBh3lO2vI.160","action":"GetUpdates", "result":"DeleteReceived", "context":{"id":"2fe3129d-a8df-4078-af7d-ccfd8ae38613", "isDeleted:":"true", "version":"1685481317429"}}
{"logTime": "1012/123050", "correlationVector":"DbTJ38zXsw1iMKBh3lO2vI.161","action":"GetUpdates", "result":"DeleteReceived", "context":{"id":"467b32d7-cec9-4d09-89fd-aab9ac85993d", "isDeleted:":"true", "version":"1685481317430"}}
{"logTime": "1012/123050", "correlationVector":"DbTJ38zXsw1iMKBh3lO2vI.162","action":"GetUpdates", "result":"DeleteReceived", "context":{"id":"8453cf37-d981-4898-b488-e25f17b3c5b9", "isDeleted:":"true", "version":"1685481317432"}}
{"logTime": "1012/123050", "correlationVector":"DbTJ38zXsw1iMKBh3lO2vI.163","action":"GetUpdates", "result":"DeleteReceived", "context":{"id":"26ae6bab-375c-47a0-90b7-dee3046515a3", "isDeleted:":"true", "version":"1685481318417"}}
{"logTime": "1012/123050", "correlationVector":"DbTJ38zXsw1iMKBh3lO2vI.164","action":"GetUpdates", "result":"DeleteReceived", "context":{"id":"f78b36d0-5ebd-4860-ada2-f590e8f925d5", "isDeleted:":"true", "version":"1685481318422"}}
{"logTime": "1012/123050", "correlationVector":"DbTJ38zXsw1iMKBh3lO2vI.165","action":"GetUpdates", "result":"DeleteReceived", "context":{"id":"2511f88f-e246-404c-b566-bea727f5d34e", "isDeleted:":"true", "version":"1685481318426"}}
{"logTime": "1012/123050", "correlationVector":"DbTJ38zXsw1iMKBh3lO2vI.166","action":"GetUpdates", "result":"DeleteReceived", "context":{"id":"c7447f99-41d1-4bbf-b5a7-a4de2e5b60e7", "isDeleted:":"true", "version":"1685481318427"}}
{"logTime": "1012/123050", "correlationVector":"DbTJ38zXsw1iMKBh3lO2vI.167","action":"GetUpdates", "result":"DeleteReceived", "context":{"id":"2aa0851f-9562-4f22-812b-81c6782952fc", "isDeleted:":"true", "version":"1685481318428"}}
{"logTime": "1012/123050", "correlationVector":"DbTJ38zXsw1iMKBh3lO2vI.168","action":"GetUpdates", "result":"DeleteReceived", "context":{"id":"046c2b71-c19e-4260-b061-c4a033e7f78f", "isDeleted:":"true", "version":"1685481318429"}}
{"logTime": "1012/123050", "correlationVector":"DbTJ38zXsw1iMKBh3lO2vI.169","action":"GetUpdates", "result":"DeleteReceived", "context":{"id":"2fc97cf0-d518-4846-823f-23a70f8920fc", "isDeleted:":"true", "version":"1685481318432"}}
{"logTime": "1012/123050", "correlationVector":"DbTJ38zXsw1iMKBh3lO2vI.170","action":"GetUpdates", "result":"DeleteReceived", "context":{"id":"cb249088-6c36-4a32-b969-7f99d87083c5", "isDeleted:":"true", "version":"1685481318433"}}
{"logTime": "1012/123050", "correlationVector":"DbTJ38zXsw1iMKBh3lO2vI.171","action":"GetUpdates Response", "result":"SERVER_MORE_TO_DOWNLOAD", "context":Received 250 update(s).  Some updates remain.}
{"logTime": "1012/123050", "correlationVector":"rMTE5Pg7lRmKgrP1pESYc4","action":"Initial GetUpdates", "result":"", "context":Reason: NEWLY_SUPPORTED_DATATYPE. cV=rMTE5Pg7lRmKgrP1pESYc4}
{"logTime": "1012/123111", "correlationVector":"rMTE5Pg7lRmKgrP1pESYc4.1","action":"SyncServerConnectionManagerRequest", "result":"SYNC_SERVER_OK", "context":{"environment":"Prod_SoutheastAsia_000j", "migrationStage":"NotStarted", "server":"GENERAL01000016"}}
{"logTime": "1012/123111", "correlationVector":"rMTE5Pg7lRmKgrP1pESYc4.2","action":"GetUpdates", "result":"DeleteReceived", "context":{"id":"7ae5f7b5-3193-424a-ae77-f13f2915cf49", "isDeleted:":"true", "version":"1685481318434"}}
{"logTime": "1012/123111", "correlationVector":"rMTE5Pg7lRmKgrP1pESYc4.3","action":"GetUpdates", "result":"DeleteReceived", "context":{"id":"2b5af472-dd53-4bcf-9b58-5223fb3271ca", "isDeleted:":"true", "version":"1685481319398"}}
{"logTime": "1012/123111", "correlationVector":"rMTE5Pg7lRmKgrP1pESYc4.4","action":"GetUpdates", "result":"DeleteReceived", "context":{"id":"8f003822-9831-4886-8d1f-47cc4e5f988f", "isDeleted:":"true", "version":"1685481319400"}}
{"logTime": "1012/123111", "correlationVector":"rMTE5Pg7lRmKgrP1pESYc4.5","action":"GetUpdates", "result":"DeleteReceived", "context":{"id":"7986c09a-ef02-4f2c-a5f7-6fb07338ab95", "isDeleted:":"true", "version":"1685481319407"}}
{"logTime": "1012/123111", "correlationVector":"rMTE5Pg7lRmKgrP1pESYc4.6","action":"GetUpdates", "result":"DeleteReceived", "context":{"id":"e48b9bbb-df7e-48f4-8a5b-880a6dba51b8", "isDeleted:":"true", "version":"1685481319410"}}
{"logTime": "1012/123111", "correlationVector":"rMTE5Pg7lRmKgrP1pESYc4.7","action":"GetUpdates", "result":"DeleteReceived", "context":{"id":"b0df9f7a-b747-4674-8ed0-1d0b4e476de0", "isDeleted:":"true", "version":"1685481319411"}}
{"logTime": "1012/123111", "correlationVector":"rMTE5Pg7lRmKgrP1pESYc4.8","action":"GetUpdates", "result":"DeleteReceived", "context":{"id":"7fc822db-fa64-40fe-8d93-a10c41937805", "isDeleted:":"true", "version":"1685481319412"}}
{"logTime": "1012/123111", "correlationVector":"rMTE5Pg7lRmKgrP1pESYc4.9","action":"GetUpdates", "result":"DeleteReceived", "context":{"id":"a28d51c9-1c9f-46b0-96ed-93ad8fd972d4", "isDeleted:":"true", "version":"1685481319415"}}
{"logTime": "1012/123111", "correlationVector":"rMTE5Pg7lRmKgrP1pESYc4.10","action":"GetUpdates", "result":"DeleteReceived", "context":{"id":"a6a66ef0-6551-4c16-80f8-d390233da66e", "isDeleted:":"true", "version":"1685481319416"}}
{"logTime": "1012/123111", "correlationVector":"rMTE5Pg7lRmKgrP1pESYc4.11","action":"GetUpdates", "result":"DeleteReceived", "context":{"id":"7dd54dde-332c-4a67-9906-f38c37d6efc3", "isDeleted:":"true", "version":"1685481320440"}}
{"logTime": "1012/123111", "correlationVector":"rMTE5Pg7lRmKgrP1pESYc4.12","action":"GetUpdates", "result":"DeleteReceived", "context":{"id":"ebdf05f7-8360-410d-a42c-9f03ac3d6d84", "isDeleted:":"true", "version":"1685481320442"}}
{"logTime": "1012/123111", "correlationVector":"rMTE5Pg7lRmKgrP1pESYc4.13","action":"GetUpdates", "result":"DeleteReceived", "context":{"id":"1a2c1752-64ac-4812-853e-bfd1a169a47d", "isDeleted:":"true", "version":"1685481320444"}}
{"logTime": "1012/123111", "correlationVector":"rMTE5Pg7lRmKgrP1pESYc4.14","action":"GetUpdates", "result":"DeleteReceived", "context":{"id":"b56853e8-ee70-4bcc-aa5a-9646ce03db79", "isDeleted:":"true", "version":"1685481320445"}}
{"logTime": "1012/123111", "correlationVector":"rMTE5Pg7lRmKgrP1pESYc4.15","action":"GetUpdates", "result":"DeleteReceived", "context":{"id":"000d746d-d54b-490f-a613-713cf2a6575c", "isDeleted:":"true", "version":"1685481320447"}}
{"logTime": "1012/123111", "correlationVector":"rMTE5Pg7lRmKgrP1pESYc4.16","action":"GetUpdates", "result":"DeleteReceived", "context":{"id":"058b303d-c773-42e2-8af6-ad6d14465d96", "isDeleted:":"true", "version":"1685481320448"}}
{"logTime": "1012/123111", "correlationVector":"rMTE5Pg7lRmKgrP1pESYc4.17","action":"GetUpdates", "result":"DeleteReceived", "context":{"id":"804c6b7b-c9f2-4c54-9c72-5250397e0424", "isDeleted:":"true", "version":"1685481320451"}}
{"logTime": "1012/123111", "correlationVector":"rMTE5Pg7lRmKgrP1pESYc4.18","action":"GetUpdates", "result":"DeleteReceived", "context":{"id":"3a94fdf5-3ca6-441d-b0b5-3dfce0980b67", "isDeleted:":"true", "version":"1685481320454"}}
{"logTime": "1012/123111", "correlationVector":"rMTE5Pg7lRmKgrP1pESYc4.19","action":"GetUpdates", "result":"DeleteReceived", "context":{"id":"5de2956f-b3e0-4c04-bb7f-4cabe798b193", "isDeleted:":"true", "version":"1685481320456"}}
{"logTime": "1012/123111", "correlationVector":"rMTE5Pg7lRmKgrP1pESYc4.20","action":"GetUpdates", "result":"DeleteReceived", "context":{"id":"784e6ae1-d56b-4deb-8289-cc42a8de6215", "isDeleted:":"true", "version":"1685481320457"}}
{"logTime": "1012/123111", "correlationVector":"rMTE5Pg7lRmKgrP1pESYc4.21","action":"GetUpdates", "result":"DeleteReceived", "context":{"id":"8ded2cd5-22db-4d2d-9b63-1c47697d0f70", "isDeleted:":"true", "version":"1685481320459"}}
{"logTime": "1012/123111", "correlationVector":"rMTE5Pg7lRmKgrP1pESYc4.22","action":"GetUpdates", "result":"DeleteReceived", "context":{"id":"63e7a693-131d-4b2b-b4ea-600a4ef25b1e", "isDeleted:":"true", "version":"1685481321431"}}
{"logTime": "1012/123111", "correlationVector":"rMTE5Pg7lRmKgrP1pESYc4.23","action":"GetUpdates", "result":"DeleteReceived", "context":{"id":"4cab4e06-dbd1-42a7-bbdc-3c4f22fe9deb", "isDeleted:":"true", "version":"1685481321433"}}
{"logTime": "1012/123111", "correlationVector":"rMTE5Pg7lRmKgrP1pESYc4.24","action":"GetUpdates", "result":"DeleteReceived", "context":{"id":"0360c1ad-5aaa-4b77-ad2b-7cea7ee820d7", "isDeleted:":"true", "version":"1685481321435"}}
{"logTime": "1012/123111", "correlationVector":"rMTE5Pg7lRmKgrP1pESYc4.25","action":"GetUpdates", "result":"DeleteReceived", "context":{"id":"83b03392-99f2-4de8-a27e-a196b66973a4", "isDeleted:":"true", "version":"1685481321436"}}
{"logTime": "1012/123111", "correlationVector":"rMTE5Pg7lRmKgrP1pESYc4.26","action":"GetUpdates", "result":"DeleteReceived", "context":{"id":"fb40889f-7897-4311-91de-e8f1830df7c5", "isDeleted:":"true", "version":"1685481321439"}}
{"logTime": "1012/123111", "correlationVector":"rMTE5Pg7lRmKgrP1pESYc4.27","action":"GetUpdates", "result":"DeleteReceived", "context":{"id":"282f9631-3a80-4971-ad0f-e18d5f9cef08", "isDeleted:":"true", "version":"1685481321441"}}
{"logTime": "1012/123111", "correlationVector":"rMTE5Pg7lRmKgrP1pESYc4.28","action":"GetUpdates", "result":"DeleteReceived", "context":{"id":"91fa3892-6685-4370-a2c1-55fe8c8f61b0", "isDeleted:":"true", "version":"1685481321444"}}
{"logTime": "1012/123111", "correlationVector":"rMTE5Pg7lRmKgrP1pESYc4.29","action":"GetUpdates", "result":"DeleteReceived", "context":{"id":"b3c2ebd8-4aef-4653-a757-e73a8b3d1232", "isDeleted:":"true", "version":"1685481321447"}}
{"logTime": "1012/123111", "correlationVector":"rMTE5Pg7lRmKgrP1pESYc4.30","action":"GetUpdates", "result":"DeleteReceived", "context":{"id":"66fa102f-6359-45db-8b56-10d13f1ea1fb", "isDeleted:":"true", "version":"1685481322448"}}
{"logTime": "1012/123111", "correlationVector":"rMTE5Pg7lRmKgrP1pESYc4.31","action":"GetUpdates", "result":"DeleteReceived", "context":{"id":"be90b826-ff3c-4ec2-8516-767d32d5518a", "isDeleted:":"true", "version":"1685481322449"}}
{"logTime": "1012/123111", "correlationVector":"rMTE5Pg7lRmKgrP1pESYc4.32","action":"GetUpdates", "result":"DeleteReceived", "context":{"id":"d7c6390d-4773-48ff-b5fc-8de86dfc2aa8", "isDeleted:":"true", "version":"1685481322450"}}
{"logTime": "1012/123111", "correlationVector":"rMTE5Pg7lRmKgrP1pESYc4.33","action":"GetUpdates", "result":"DeleteReceived", "context":{"id":"d20f667c-05f0-4b85-a9c8-d4941b6732c9", "isDeleted:":"true", "version":"1685481322453"}}
{"logTime": "1012/123111", "correlationVector":"rMTE5Pg7lRmKgrP1pESYc4.34","action":"GetUpdates", "result":"DeleteReceived", "context":{"id":"801c82a4-03a5-4b6e-b479-e79e61969ec4", "isDeleted:":"true", "version":"1685481322455"}}
{"logTime": "1012/123111", "correlationVector":"rMTE5Pg7lRmKgrP1pESYc4.35","action":"GetUpdates", "result":"DeleteReceived", "context":{"id":"0d4869d0-089c-4db6-9ce3-f654783663ba", "isDeleted:":"true", "version":"1685481322456"}}
{"logTime": "1012/123111", "correlationVector":"rMTE5Pg7lRmKgrP1pESYc4.36","action":"GetUpdates", "result":"DeleteReceived", "context":{"id":"0b986132-9ee6-4665-8fd8-c20986165e1a", "isDeleted:":"true", "version":"1685481322457"}}
{"logTime": "1012/123111", "correlationVector":"rMTE5Pg7lRmKgrP1pESYc4.37","action":"GetUpdates", "result":"DeleteReceived", "context":{"id":"f5c5a8de-0791-4477-929c-6f3b22f357c7", "isDeleted:":"true", "version":"1685481322458"}}
{"logTime": "1012/123111", "correlationVector":"rMTE5Pg7lRmKgrP1pESYc4.38","action":"GetUpdates", "result":"DeleteReceived", "context":{"id":"c6728f16-3b9c-4800-b2a7-314b0a1aac3d", "isDeleted:":"true", "version":"1685481322461"}}
{"logTime": "1012/123111", "correlationVector":"rMTE5Pg7lRmKgrP1pESYc4.39","action":"GetUpdates", "result":"DeleteReceived", "context":{"id":"1ab336f5-ee6b-4676-b40e-8fa93357e20c", "isDeleted:":"true", "version":"1685481322463"}}
{"logTime": "1012/123111", "correlationVector":"rMTE5Pg7lRmKgrP1pESYc4.40","action":"GetUpdates", "result":"DeleteReceived", "context":{"id":"57e2ed41-5152-4323-95ff-7db472af174e", "isDeleted:":"true", "version":"1685481322465"}}
{"logTime": "1012/123111", "correlationVector":"rMTE5Pg7lRmKgrP1pESYc4.41","action":"GetUpdates", "result":"DeleteReceived", "context":{"id":"b65aedfa-9015-4c32-9756-4695022386f1", "isDeleted:":"true", "version":"1685481322466"}}
{"logTime": "1012/123111", "correlationVector":"rMTE5Pg7lRmKgrP1pESYc4.42","action":"GetUpdates", "result":"DeleteReceived", "context":{"id":"39debc86-9c6d-443b-a84f-b87bd44d2b7d", "isDeleted:":"true", "version":"1685481323498"}}
{"logTime": "1012/123111", "correlationVector":"rMTE5Pg7lRmKgrP1pESYc4.43","action":"GetUpdates", "result":"DeleteReceived", "context":{"id":"506953dc-0347-4dab-8137-403edc8c8323", "isDeleted:":"true", "version":"1685481323500"}}
{"logTime": "1012/123111", "correlationVector":"rMTE5Pg7lRmKgrP1pESYc4.44","action":"GetUpdates", "result":"DeleteReceived", "context":{"id":"55ed7ed5-e7b1-401d-a235-c4724491ca5d", "isDeleted:":"true", "version":"1685481323501"}}
{"logTime": "1012/123111", "correlationVector":"rMTE5Pg7lRmKgrP1pESYc4.45","action":"GetUpdates", "result":"DeleteReceived", "context":{"id":"f446c183-b592-41ee-9806-f8a1ae389e01", "isDeleted:":"true", "version":"1685481323503"}}
{"logTime": "1012/123111", "correlationVector":"rMTE5Pg7lRmKgrP1pESYc4.46","action":"GetUpdates", "result":"DeleteReceived", "context":{"id":"7eb60366-e93d-4167-8925-5dab26129bd3", "isDeleted:":"true", "version":"1685481323504"}}
{"logTime": "1012/123111", "correlationVector":"rMTE5Pg7lRmKgrP1pESYc4.47","action":"GetUpdates", "result":"DeleteReceived", "context":{"id":"dd23fcbb-93ea-4aa3-a889-71e6ece8a966", "isDeleted:":"true", "version":"1685481323506"}}
{"logTime": "1012/123111", "correlationVector":"rMTE5Pg7lRmKgrP1pESYc4.48","action":"GetUpdates", "result":"DeleteReceived", "context":{"id":"e0e8e1a2-2899-4f39-baf9-1b05cf81db11", "isDeleted:":"true", "version":"1685481324472"}}
{"logTime": "1012/123111", "correlationVector":"rMTE5Pg7lRmKgrP1pESYc4.49","action":"GetUpdates", "result":"DeleteReceived", "context":{"id":"4bb6ac29-49a4-47c2-8f03-e35bc8ae0923", "isDeleted:":"true", "version":"1685481324473"}}
{"logTime": "1012/123111", "correlationVector":"rMTE5Pg7lRmKgrP1pESYc4.50","action":"GetUpdates", "result":"DeleteReceived", "context":{"id":"933c2e1a-d4ca-4279-b4cb-d62e36ae8bfb", "isDeleted:":"true", "version":"1685481324475"}}
{"logTime": "1012/123111", "correlationVector":"rMTE5Pg7lRmKgrP1pESYc4.51","action":"GetUpdates", "result":"DeleteReceived", "context":{"id":"af7662da-bdfd-4bca-96e5-bf7f98b9a1ae", "isDeleted:":"true", "version":"1685481324477"}}
{"logTime": "1012/123111", "correlationVector":"rMTE5Pg7lRmKgrP1pESYc4.52","action":"GetUpdates", "result":"DeleteReceived", "context":{"id":"2cfea627-f331-4b39-839a-22c2b98d6a8e", "isDeleted:":"true", "version":"1685481324478"}}
{"logTime": "1012/123111", "correlationVector":"rMTE5Pg7lRmKgrP1pESYc4.53","action":"GetUpdates", "result":"DeleteReceived", "context":{"id":"092c1498-9485-46e4-b457-0100b5202b44", "isDeleted:":"true", "version":"1685481324481"}}
{"logTime": "1012/123111", "correlationVector":"rMTE5Pg7lRmKgrP1pESYc4.54","action":"GetUpdates", "result":"DeleteReceived", "context":{"id":"028170d1-55cd-4c7e-b0fd-0d572a6e93b0", "isDeleted:":"true", "version":"1685481324484"}}
{"logTime": "1012/123111", "correlationVector":"rMTE5Pg7lRmKgrP1pESYc4.55","action":"GetUpdates", "result":"DeleteReceived", "context":{"id":"1c23b0c1-2bd7-4404-b16a-db004104fe59", "isDeleted:":"true", "version":"1685481324485"}}
{"logTime": "1012/123111", "correlationVector":"rMTE5Pg7lRmKgrP1pESYc4.56","action":"GetUpdates", "result":"DeleteReceived", "context":{"id":"c0da30b0-4d44-454b-a2d9-f58a631c447b", "isDeleted:":"true", "version":"1685481324488"}}
{"logTime": "1012/123111", "correlationVector":"rMTE5Pg7lRmKgrP1pESYc4.57","action":"GetUpdates", "result":"DeleteReceived", "context":{"id":"6d1f23aa-3392-483d-9cc7-bc8308d6693c", "isDeleted:":"true", "version":"1685481324489"}}
{"logTime": "1012/123111", "correlationVector":"rMTE5Pg7lRmKgrP1pESYc4.58","action":"GetUpdates", "result":"DeleteReceived", "context":{"id":"0d00f246-9cb8-4ee1-9d67-3fb7d64205c6", "isDeleted:":"true", "version":"1685481324490"}}
{"logTime": "1012/123111", "correlationVector":"rMTE5Pg7lRmKgrP1pESYc4.59","action":"GetUpdates", "result":"DeleteReceived", "context":{"id":"b4639940-efc9-4365-b6f6-580c3fa90085", "isDeleted:":"true", "version":"1685481325451"}}
{"logTime": "1012/123111", "correlationVector":"rMTE5Pg7lRmKgrP1pESYc4.60","action":"GetUpdates", "result":"DeleteReceived", "context":{"id":"ecf01539-380b-4374-a34c-56db52bd8bbe", "isDeleted:":"true", "version":"1685481325456"}}
{"logTime": "1012/123111", "correlationVector":"rMTE5Pg7lRmKgrP1pESYc4.61","action":"GetUpdates", "result":"DeleteReceived", "context":{"id":"746fc0bc-aa91-44d6-a4d5-33ea608da6b9", "isDeleted:":"true", "version":"1685481325459"}}
{"logTime": "1012/123111", "correlationVector":"rMTE5Pg7lRmKgrP1pESYc4.62","action":"GetUpdates", "result":"DeleteReceived", "context":{"id":"92958262-cc34-4e28-b86a-467a330857a3", "isDeleted:":"true", "version":"1685481325460"}}
{"logTime": "1012/123111", "correlationVector":"rMTE5Pg7lRmKgrP1pESYc4.63","action":"GetUpdates", "result":"DeleteReceived", "context":{"id":"482ded80-e5c0-47bc-ba56-ad9264929f70", "isDeleted:":"true", "version":"1685481325461"}}
{"logTime": "1012/123111", "correlationVector":"rMTE5Pg7lRmKgrP1pESYc4.64","action":"GetUpdates", "result":"DeleteReceived", "context":{"id":"5a408a0e-c3e2-4ab7-85b2-9bc10d851470", "isDeleted:":"true", "version":"1685481325462"}}
{"logTime": "1012/123111", "correlationVector":"rMTE5Pg7lRmKgrP1pESYc4.65","action":"GetUpdates", "result":"DeleteReceived", "context":{"id":"d1480f9e-2561-4439-9fb4-86f7f5c4f48c", "isDeleted:":"true", "version":"1685481325464"}}
{"logTime": "1012/123111", "correlationVector":"rMTE5Pg7lRmKgrP1pESYc4.66","action":"GetUpdates", "result":"DeleteReceived", "context":{"id":"6bd3f6df-f9a5-47bb-89d1-f2c2994a435a", "isDeleted:":"true", "version":"1685481325465"}}
{"logTime": "1012/123111", "correlationVector":"rMTE5Pg7lRmKgrP1pESYc4.67","action":"GetUpdates", "result":"DeleteReceived", "context":{"id":"2ea3c8e1-cd4d-40ee-91ff-f4fc67bbde20", "isDeleted:":"true", "version":"1685481325466"}}
{"logTime": "1012/123111", "correlationVector":"rMTE5Pg7lRmKgrP1pESYc4.68","action":"GetUpdates", "result":"DeleteReceived", "context":{"id":"a76899e0-a1b1-41d1-9262-6ad374df117b", "isDeleted:":"true", "version":"1685481325467"}}
{"logTime": "1012/123111", "correlationVector":"rMTE5Pg7lRmKgrP1pESYc4.69","action":"GetUpdates", "result":"DeleteReceived", "context":{"id":"a0b6cfd3-d4ad-47fc-b3a9-e8f91fadfea7", "isDeleted:":"true", "version":"1685481325469"}}
{"logTime": "1012/123111", "correlationVector":"rMTE5Pg7lRmKgrP1pESYc4.70","action":"GetUpdates", "result":"DeleteReceived", "context":{"id":"c2972055-f1cb-4370-84fb-887784910ea4", "isDeleted:":"true", "version":"1685481325470"}}
{"logTime": "1012/123111", "correlationVector":"rMTE5Pg7lRmKgrP1pESYc4.71","action":"GetUpdates", "result":"DeleteReceived", "context":{"id":"2b5189be-cbe0-41f2-87d9-f6bda3ffdec5", "isDeleted:":"true", "version":"1685481326472"}}
{"logTime": "1012/123111", "correlationVector":"rMTE5Pg7lRmKgrP1pESYc4.72","action":"GetUpdates", "result":"DeleteReceived", "context":{"id":"163a60c4-17b9-4fc2-aa2d-5a4f47d2fb11", "isDeleted:":"true", "version":"1685481326476"}}
{"logTime": "1012/123111", "correlationVector":"rMTE5Pg7lRmKgrP1pESYc4.73","action":"GetUpdates", "result":"DeleteReceived", "context":{"id":"ba03883e-2707-4bcc-a7e9-91800f7f70e3", "isDeleted:":"true", "version":"1685481326479"}}
{"logTime": "1012/123111", "correlationVector":"rMTE5Pg7lRmKgrP1pESYc4.74","action":"GetUpdates", "result":"DeleteReceived", "context":{"id":"f690fa3e-bf55-48ee-8ec5-31ec6360612a", "isDeleted:":"true", "version":"1685481326481"}}
{"logTime": "1012/123111", "correlationVector":"rMTE5Pg7lRmKgrP1pESYc4.75","action":"GetUpdates", "result":"DeleteReceived", "context":{"id":"8eca54d4-ae73-4bb6-8cbe-6b7272992254", "isDeleted:":"true", "version":"1685481326482"}}
{"logTime": "1012/123111", "correlationVector":"rMTE5Pg7lRmKgrP1pESYc4.76","action":"GetUpdates", "result":"DeleteReceived", "context":{"id":"32137b6b-e55b-4248-a297-561b3360c718", "isDeleted:":"true", "version":"1685481326491"}}
{"logTime": "1012/123111", "correlationVector":"rMTE5Pg7lRmKgrP1pESYc4.77","action":"GetUpdates", "result":"DeleteReceived", "context":{"id":"4e4258c1-e2e6-4a76-a343-2728e7e41083", "isDeleted:":"true", "version":"1685481327431"}}
{"logTime": "1012/123111", "correlationVector":"rMTE5Pg7lRmKgrP1pESYc4.78","action":"GetUpdates", "result":"DeleteReceived", "context":{"id":"ce5cc427-d47d-4981-b051-b3a0c7e7e281", "isDeleted:":"true", "version":"1685481327432"}}
{"logTime": "1012/123111", "correlationVector":"rMTE5Pg7lRmKgrP1pESYc4.79","action":"GetUpdates", "result":"DeleteReceived", "context":{"id":"d1e813e0-e8d6-48e6-9a00-a85a2ddb5ad7", "isDeleted:":"true", "version":"1685481327434"}}
{"logTime": "1012/123111", "correlationVector":"rMTE5Pg7lRmKgrP1pESYc4.80","action":"GetUpdates", "result":"DeleteReceived", "context":{"id":"261a76c0-8e4d-44dd-b231-f01b21b8f8ef", "isDeleted:":"true", "version":"1685481327437"}}
{"logTime": "1012/123111", "correlationVector":"rMTE5Pg7lRmKgrP1pESYc4.81","action":"GetUpdates", "result":"DeleteReceived", "context":{"id":"fd4328f8-e095-4aab-a7bb-929418b285db", "isDeleted:":"true", "version":"1685481327439"}}
{"logTime": "1012/123111", "correlationVector":"rMTE5Pg7lRmKgrP1pESYc4.82","action":"GetUpdates", "result":"DeleteReceived", "context":{"id":"46aa1717-26e0-4222-a682-0e010094f6e2", "isDeleted:":"true", "version":"1685481327442"}}
{"logTime": "1012/123111", "correlationVector":"rMTE5Pg7lRmKgrP1pESYc4.83","action":"GetUpdates", "result":"DeleteReceived", "context":{"id":"f2ee0657-036e-4f12-942d-29cbf23fabe2", "isDeleted:":"true", "version":"1685481327443"}}
{"logTime": "1012/123111", "correlationVector":"rMTE5Pg7lRmKgrP1pESYc4.84","action":"GetUpdates", "result":"DeleteReceived", "context":{"id":"91d213e3-aa21-4798-9717-eb8bb087225f", "isDeleted:":"true", "version":"1685481327446"}}
{"logTime": "1012/123111", "correlationVector":"rMTE5Pg7lRmKgrP1pESYc4.85","action":"GetUpdates", "result":"DeleteReceived", "context":{"id":"a4305de2-78e5-4627-b87d-d78c79484800", "isDeleted:":"true", "version":"1685481327448"}}
{"logTime": "1012/123111", "correlationVector":"rMTE5Pg7lRmKgrP1pESYc4.86","action":"GetUpdates", "result":"DeleteReceived", "context":{"id":"65e04be4-2f06-4fa0-a2b3-bdfecc4cc784", "isDeleted:":"true", "version":"1685481328483"}}
{"logTime": "1012/123111", "correlationVector":"rMTE5Pg7lRmKgrP1pESYc4.87","action":"GetUpdates", "result":"DeleteReceived", "context":{"id":"ffce9a66-7c46-449c-af8f-167cb9d94c3a", "isDeleted:":"true", "version":"1685481328486"}}
{"logTime": "1012/123111", "correlationVector":"rMTE5Pg7lRmKgrP1pESYc4.88","action":"GetUpdates", "result":"DeleteReceived", "context":{"id":"475082ae-e663-401e-819e-6f1fd8726dcd", "isDeleted:":"true", "version":"1685481328489"}}
{"logTime": "1012/123111", "correlationVector":"rMTE5Pg7lRmKgrP1pESYc4.89","action":"GetUpdates", "result":"DeleteReceived", "context":{"id":"09f7590d-9a56-477d-ad37-ca317ab66e50", "isDeleted:":"true", "version":"1685481328490"}}
{"logTime": "1012/123111", "correlationVector":"rMTE5Pg7lRmKgrP1pESYc4.90","action":"GetUpdates", "result":"DeleteReceived", "context":{"id":"ff01d0d9-ad26-4c26-9a75-f523f14b0ad3", "isDeleted:":"true", "version":"1685481328491"}}
{"logTime": "1012/123111", "correlationVector":"rMTE5Pg7lRmKgrP1pESYc4.91","action":"GetUpdates", "result":"DeleteReceived", "context":{"id":"bc3be55e-8d36-485a-b312-d89895032da8", "isDeleted:":"true", "version":"1685481328494"}}
{"logTime": "1012/123111", "correlationVector":"rMTE5Pg7lRmKgrP1pESYc4.92","action":"GetUpdates", "result":"DeleteReceived", "context":{"id":"6e59098c-959c-433b-8bab-5b4bc85ec19f", "isDeleted:":"true", "version":"1685481328495"}}
{"logTime": "1012/123111", "correlationVector":"rMTE5Pg7lRmKgrP1pESYc4.93","action":"GetUpdates", "result":"DeleteReceived", "context":{"id":"b2b9fbab-cafd-4c87-a6b6-1f90b4bf351d", "isDeleted:":"true", "version":"1685481328497"}}
{"logTime": "1012/123111", "correlationVector":"rMTE5Pg7lRmKgrP1pESYc4.94","action":"GetUpdates", "result":"DeleteReceived", "context":{"id":"0e185741-3839-43ed-9cf7-b6e80d70c38b", "isDeleted:":"true", "version":"1685481329694"}}
{"logTime": "1012/123111", "correlationVector":"rMTE5Pg7lRmKgrP1pESYc4.95","action":"GetUpdates", "result":"DeleteReceived", "context":{"id":"ec690b52-c2b8-4fca-b642-c47ba29e8a77", "isDeleted:":"true", "version":"1685481329699"}}
{"logTime": "1012/123111", "correlationVector":"rMTE5Pg7lRmKgrP1pESYc4.96","action":"GetUpdates", "result":"DeleteReceived", "context":{"id":"e7d404eb-302c-427b-8086-b727e58accda", "isDeleted:":"true", "version":"1685481329702"}}
{"logTime": "1012/123111", "correlationVector":"rMTE5Pg7lRmKgrP1pESYc4.97","action":"GetUpdates", "result":"DeleteReceived", "context":{"id":"2bd14ecd-d312-4fb0-830f-5899422ef430", "isDeleted:":"true", "version":"1685481329705"}}
{"logTime": "1012/123111", "correlationVector":"rMTE5Pg7lRmKgrP1pESYc4.98","action":"GetUpdates", "result":"DeleteReceived", "context":{"id":"7bd196f5-978e-49f4-88e5-bc87ccd17508", "isDeleted:":"true", "version":"1685481329707"}}
{"logTime": "1012/123111", "correlationVector":"rMTE5Pg7lRmKgrP1pESYc4.99","action":"GetUpdates", "result":"DeleteReceived", "context":{"id":"c0960823-0dbf-4189-ae49-fd3e1689e5bd", "isDeleted:":"true", "version":"1685481329709"}}
{"logTime": "1012/123111", "correlationVector":"rMTE5Pg7lRmKgrP1pESYc4.100","action":"GetUpdates", "result":"DeleteReceived", "context":{"id":"4edd2437-d37c-494a-9b86-dffa7c1caf6d", "isDeleted:":"true", "version":"1685481329710"}}
{"logTime": "1012/123111", "correlationVector":"rMTE5Pg7lRmKgrP1pESYc4.101","action":"GetUpdates", "result":"DeleteReceived", "context":{"id":"1c8d80f8-3256-48b9-8194-e360f618bf7b", "isDeleted:":"true", "version":"1685481329711"}}
{"logTime": "1012/123111", "correlationVector":"rMTE5Pg7lRmKgrP1pESYc4.102","action":"GetUpdates", "result":"DeleteReceived", "context":{"id":"6bf8d66f-3266-4b90-805d-c468c1986adc", "isDeleted:":"true", "version":"1685481329712"}}
{"logTime": "1012/123111", "correlationVector":"rMTE5Pg7lRmKgrP1pESYc4.103","action":"GetUpdates", "result":"DeleteReceived", "context":{"id":"28cdf5f6-8931-4391-ab8f-0d010c96c8fb", "isDeleted:":"true", "version":"1685481330701"}}
{"logTime": "1012/123111", "correlationVector":"rMTE5Pg7lRmKgrP1pESYc4.104","action":"GetUpdates", "result":"DeleteReceived", "context":{"id":"f84b72bb-b84d-408b-8bdf-aafcbdd9de82", "isDeleted:":"true", "version":"1685481330702"}}
{"logTime": "1012/123111", "correlationVector":"rMTE5Pg7lRmKgrP1pESYc4.105","action":"GetUpdates", "result":"DeleteReceived", "context":{"id":"04e44522-95b0-4a6e-a9dc-df84a95418ab", "isDeleted:":"true", "version":"1685481330704"}}
{"logTime": "1012/123111", "correlationVector":"rMTE5Pg7lRmKgrP1pESYc4.106","action":"GetUpdates", "result":"DeleteReceived", "context":{"id":"2b52faeb-8253-41cd-bb22-cc9561b4d3e2", "isDeleted:":"true", "version":"1685481330706"}}
{"logTime": "1012/123111", "correlationVector":"rMTE5Pg7lRmKgrP1pESYc4.107","action":"GetUpdates", "result":"DeleteReceived", "context":{"id":"331eee39-cb10-4b65-a183-b5ca0cf6c849", "isDeleted:":"true", "version":"1685481330708"}}
{"logTime": "1012/123111", "correlationVector":"rMTE5Pg7lRmKgrP1pESYc4.108","action":"GetUpdates", "result":"DeleteReceived", "context":{"id":"050baa2e-6f59-4d9e-9f0a-9120f73db8ce", "isDeleted:":"true", "version":"1685481330714"}}
{"logTime": "1012/123111", "correlationVector":"rMTE5Pg7lRmKgrP1pESYc4.109","action":"GetUpdates", "result":"DeleteReceived", "context":{"id":"6a87ea6c-8525-48d5-89be-52a9624ae151", "isDeleted:":"true", "version":"1687068182411"}}
{"logTime": "1012/123111", "correlationVector":"rMTE5Pg7lRmKgrP1pESYc4.110","action":"GetUpdates", "result":"DeleteReceived", "context":{"id":"2b9462b8-49ba-4f3c-8eee-9fe5c97ded3c", "isDeleted:":"true", "version":"1687180561147"}}
{"logTime": "1012/123111", "correlationVector":"rMTE5Pg7lRmKgrP1pESYc4.111","action":"GetUpdates Response", "result":"SERVER_MORE_TO_DOWNLOAD", "context":Received 250 update(s).  Some updates remain.}
{"logTime": "1012/123111", "correlationVector":"demrrmr3ghVeSHW282/ZDP","action":"Initial GetUpdates", "result":"", "context":Reason: NEWLY_SUPPORTED_DATATYPE. cV=demrrmr3ghVeSHW282/ZDP}
{"logTime": "1012/123115", "correlationVector":"demrrmr3ghVeSHW282/ZDP.1","action":"SyncServerConnectionManagerRequest", "result":"SYNC_SERVER_OK", "context":{"environment":"Prod_SoutheastAsia_000j", "migrationStage":"NotStarted", "server":"GENERAL0100000M"}}
{"logTime": "1012/123115", "correlationVector":"demrrmr3ghVeSHW282/ZDP.2","action":"GetUpdates", "result":"DeleteReceived", "context":{"id":"b07d5f83-93c1-4216-b2b0-b7ccb9c1e6ae", "isDeleted:":"true", "version":"1693072434638"}}
{"logTime": "1012/123115", "correlationVector":"demrrmr3ghVeSHW282/ZDP.3","action":"GetUpdates", "result":"DeleteReceived", "context":{"id":"bb56e155-63d4-46b3-aed1-2c9fc171d310", "isDeleted:":"true", "version":"1693642221500"}}
{"logTime": "1012/123115", "correlationVector":"demrrmr3ghVeSHW282/ZDP.4","action":"GetUpdates", "result":"DeleteReceived", "context":{"id":"fcd75e78-f5d6-4f15-abf3-91cf1d8f68c7", "isDeleted:":"true", "version":"1693642222411"}}
{"logTime": "1012/123115", "correlationVector":"demrrmr3ghVeSHW282/ZDP.5","action":"GetUpdates", "result":"DeleteReceived", "context":{"id":"cdfb3cd9-1268-440f-8e7e-24ef7a18b782", "isDeleted:":"true", "version":"1693642223292"}}
{"logTime": "1012/123115", "correlationVector":"demrrmr3ghVeSHW282/ZDP.6","action":"GetUpdates", "result":"DeleteReceived", "context":{"id":"acf09054-6982-44f3-b59b-b595292fdcd0", "isDeleted:":"true", "version":"1693642224167"}}
{"logTime": "1012/123115", "correlationVector":"demrrmr3ghVeSHW282/ZDP.7","action":"GetUpdates", "result":"DeleteReceived", "context":{"id":"42752640-deff-4d34-8f2b-2b09825f8cff", "isDeleted:":"true", "version":"1693642255730"}}
{"logTime": "1012/123115", "correlationVector":"demrrmr3ghVeSHW282/ZDP.8","action":"GetUpdates", "result":"DeleteReceived", "context":{"id":"2546296f-e37f-40d2-8b58-4632900db5ec", "isDeleted:":"true", "version":"1693642265706"}}
{"logTime": "1012/123115", "correlationVector":"demrrmr3ghVeSHW282/ZDP.9","action":"GetUpdates", "result":"DeleteReceived", "context":{"id":"561889f7-7115-49e3-a949-97193c15905a", "isDeleted:":"true", "version":"1693642265707"}}
{"logTime": "1012/123115", "correlationVector":"demrrmr3ghVeSHW282/ZDP.10","action":"GetUpdates", "result":"DeleteReceived", "context":{"id":"3a7d1b4a-f1ac-46c4-9ecc-3fb516a96ba6", "isDeleted:":"true", "version":"1693665774166"}}
{"logTime": "1012/123115", "correlationVector":"demrrmr3ghVeSHW282/ZDP.11","action":"GetUpdates", "result":"DeleteReceived", "context":{"id":"14f3f901-3db6-430f-8fac-b3c2344552b1", "isDeleted:":"true", "version":"1693665786652"}}
{"logTime": "1012/123115", "correlationVector":"demrrmr3ghVeSHW282/ZDP.12","action":"GetUpdates", "result":"DeleteReceived", "context":{"id":"836a8e90-4642-4e38-a31d-7bec56d3ae8e", "isDeleted:":"true", "version":"1696603987583"}}
{"logTime": "1012/123115", "correlationVector":"demrrmr3ghVeSHW282/ZDP.13","action":"GetUpdates Response", "result":"SYNCER_OK", "context":Received 121 update(s). cV=demrrmr3ghVeSHW282/ZDP.0;server=GENERAL0100000M;cloudType=Consumer;environment=Prod_SoutheastAsia_000j;migrationStage=NotStarted}
{"logTime": "1012/123116", "correlationVector":"yW389JiFyDEiHCqbYWeDxc","action":"SyncServerConnectionManagerRequest", "result":"SYNC_SERVER_OK", "context":{"environment":"", "migrationStage":"", "server":""}}
{"logTime": "1012/123116", "correlationVector":"ot6xygYf3VS/subNcsAGFo","action":"Normal GetUpdate request", "result":"", "context":cV=ot6xygYf3VS/subNcsAGFo
Nudged types: Sessions, User Consents
Refresh requested types: Bookmarks, Preferences, Passwords, Autofill Profiles, Autofill, Autofill Custom Data, Typed URLs, Extensions, Sessions, Extension settings, History Delete Directives, Device Info, User Consents, Send Tab To Self, Web Apps, Collection, Edge E Drop, Edge Hub App Usage, Edge Wallet, Encryption Keys}
{"logTime": "1012/123117", "correlationVector":"ot6xygYf3VS/subNcsAGFo.1","action":"SyncServerConnectionManagerRequest", "result":"SYNC_SERVER_OK", "context":{"environment":"Prod_SoutheastAsia_000j", "migrationStage":"NotStarted", "server":"GENERAL0100001H"}}
{"logTime": "1012/123117", "correlationVector":"ot6xygYf3VS/subNcsAGFo.2","action":"GetUpdates Response", "result":"SYNCER_OK", "context":Received 1 update(s). cV=ot6xygYf3VS/subNcsAGFo.0;server=GENERAL0100001H;cloudType=Consumer;environment=Prod_SoutheastAsia_000j;migrationStage=NotStarted}
{"logTime": "1012/123117", "correlationVector":"XlkaX1MQhdyQCyIGyV0Wcm","action":"Commit Request", "result":"", "context":Item count: 4
Contributing types: Sessions, User Consents}
{"logTime": "1012/123118", "correlationVector":"XlkaX1MQhdyQCyIGyV0Wcm.1","action":"SyncServerConnectionManagerRequest", "result":"SYNC_SERVER_OK", "context":{"environment":"Prod_SoutheastAsia_000j", "migrationStage":"NotStarted", "server":"GENERAL0100000X"}}
{"logTime": "1012/123118", "correlationVector":"XlkaX1MQhdyQCyIGyV0Wcm.2","action":"Commit Response", "result":"SYNCER_OK", "context":Result: SYNCER_OK. cV=XlkaX1MQhdyQCyIGyV0Wcm.0;server=GENERAL0100000X;cloudType=Consumer;environment=Prod_SoutheastAsia_000j;migrationStage=NotStarted}
{"logTime": "1012/123118", "correlationVector":"XlkaX1MQhdyQCyIGyV0Wcm.3","action":"Commit.Sessions", "result":"Success", "context":{"id":"63ae5de1-f02d-4b04-9fa0-ddd4be1198e0", "isDeleted":"true", "size":"0", "version":"1697107575186"}}
{"logTime": "1012/123118", "correlationVector":"JprsbLhEXgvGQMCs0yv/Iz","action":"Normal GetUpdate request", "result":"", "context":cV=JprsbLhEXgvGQMCs0yv/Iz
Nudged types: Sessions
Refresh requested types: Bookmarks, Preferences, Passwords, Autofill Profiles, Autofill, Autofill Custom Data, Typed URLs, Extensions, Sessions, Extension settings, History Delete Directives, Device Info, User Consents, Send Tab To Self, Web Apps, Collection, Edge E Drop, Edge Hub App Usage, Edge Wallet, Encryption Keys}
{"logTime": "1012/123118", "correlationVector":"JprsbLhEXgvGQMCs0yv/Iz.1","action":"SyncServerConnectionManagerRequest", "result":"SYNC_SERVER_OK", "context":{"environment":"Prod_SoutheastAsia_000j", "migrationStage":"NotStarted", "server":"GENERAL0100001D"}}
{"logTime": "1012/123118", "correlationVector":"JprsbLhEXgvGQMCs0yv/Iz.2","action":"GetUpdates", "result":"DeleteReceived", "context":{"id":"63ae5de1-f02d-4b04-9fa0-ddd4be1198e0", "isDeleted:":"true", "version":"1697113877886"}}
{"logTime": "1012/123118", "correlationVector":"JprsbLhEXgvGQMCs0yv/Iz.3","action":"GetUpdates Response", "result":"SYNCER_OK", "context":Received 3 update(s). cV=JprsbLhEXgvGQMCs0yv/Iz.0;server=GENERAL0100001D;cloudType=Consumer;environment=Prod_SoutheastAsia_000j;migrationStage=NotStarted}
{"logTime": "1012/124013", "correlationVector":"xDhWheyLV3xaVFKgjDKzyC","action":"Commit Request", "result":"", "context":Item count: 1
Contributing types: Sessions}
{"logTime": "1012/124014", "correlationVector":"xDhWheyLV3xaVFKgjDKzyC.1","action":"SyncServerConnectionManagerRequest", "result":"SYNC_SERVER_OK", "context":{"environment":"Prod_SoutheastAsia_000j", "migrationStage":"NotStarted", "server":"general01000014"}}
{"logTime": "1012/124014", "correlationVector":"xDhWheyLV3xaVFKgjDKzyC.2","action":"Commit Response", "result":"SYNCER_OK", "context":Result: SYNCER_OK. cV=xDhWheyLV3xaVFKgjDKzyC.0;server=general01000014;cloudType=Consumer;environment=Prod_SoutheastAsia_000j;migrationStage=NotStarted}
{"logTime": "1012/124158", "correlationVector":"q2ttET74Jg1hx80W5yUuYV","action":"Commit Request", "result":"", "context":Item count: 1
Contributing types: Sessions}
{"logTime": "1012/124159", "correlationVector":"q2ttET74Jg1hx80W5yUuYV.1","action":"SyncServerConnectionManagerRequest", "result":"SYNC_SERVER_OK", "context":{"environment":"Prod_SoutheastAsia_000j", "migrationStage":"NotStarted", "server":"GENERAL01000010"}}
{"logTime": "1012/124159", "correlationVector":"q2ttET74Jg1hx80W5yUuYV.2","action":"Commit Response", "result":"SYNCER_OK", "context":Result: SYNCER_OK. cV=q2ttET74Jg1hx80W5yUuYV.0;server=GENERAL01000010;cloudType=Consumer;environment=Prod_SoutheastAsia_000j;migrationStage=NotStarted}
{"logTime": "1012/124419", "correlationVector":"3onK5qiVzE2deDnw243pgS","action":"Commit Request", "result":"", "context":Item count: 1
Contributing types: Sessions}
{"logTime": "1012/124420", "correlationVector":"3onK5qiVzE2deDnw243pgS.1","action":"SyncServerConnectionManagerRequest", "result":"SYNC_SERVER_OK", "context":{"environment":"Prod_SoutheastAsia_000j", "migrationStage":"NotStarted", "server":"GENERAL01000012"}}
{"logTime": "1012/124420", "correlationVector":"3onK5qiVzE2deDnw243pgS.2","action":"Commit Response", "result":"SYNCER_OK", "context":Result: SYNCER_OK. cV=3onK5qiVzE2deDnw243pgS.0;server=GENERAL01000012;cloudType=Consumer;environment=Prod_SoutheastAsia_000j;migrationStage=NotStarted}
{"logTime": "1012/124519", "correlationVector":"HtDWHmcCeal3lTjzX9xWEj","action":"Commit Request", "result":"", "context":Item count: 1
Contributing types: Sessions}
{"logTime": "1012/124519", "correlationVector":"HtDWHmcCeal3lTjzX9xWEj.1","action":"SyncServerConnectionManagerRequest", "result":"SYNC_SERVER_OK", "context":{"environment":"Prod_SoutheastAsia_000j", "migrationStage":"NotStarted", "server":"GENERAL0100000B"}}
{"logTime": "1012/124519", "correlationVector":"HtDWHmcCeal3lTjzX9xWEj.2","action":"Commit Response", "result":"SYNCER_OK", "context":Result: SYNCER_OK. cV=HtDWHmcCeal3lTjzX9xWEj.0;server=GENERAL0100000B;cloudType=Consumer;environment=Prod_SoutheastAsia_000j;migrationStage=NotStarted}
